# Logfile created on 2018-05-04 17:20:59 -0500 by logger.rb/56815
I, [2018-05-04T17:21:12.245962 #28826]  INFO -- : CALL: DataService.load api_url: gv373.infusionsoft.com api_key:94c11c8a7a198e08f6ba3b58bf5d592a at:2018-05-04 17:21:12 -0500 args:["Contact", 465, [:FirstName, :LastName, :Email, :Website, :StreetAddress1, :City, :State, :PostalCode, :Groups]]
I, [2018-05-04T17:21:12.510340 #28826]  INFO -- : RESULT: {"Email"=>"mttwardowski@gmail.com", "FirstName"=>"Matt", "State"=>"IL", "Groups"=>"104,116,135", "PostalCode"=>"60004", "LastName"=>"Twardowski", "City"=>"ARLINGTON HEIGHTS", "StreetAddress1"=>"1718 N MITCHELL AVE"}
I, [2018-05-04T17:21:27.405380 #28826]  INFO -- : CALL: ContactService.findByEmail api_url: gv373.infusionsoft.com api_key:94c11c8a7a198e08f6ba3b58bf5d592a at:2018-05-04 17:21:27 -0500 args:["mttwardowski@gmail.com", [:ID, :Password]]
I, [2018-05-04T17:21:27.532663 #28826]  INFO -- : RESULT: [{"ID"=>465, "Password"=>"matt1997"}]
I, [2018-05-04T17:21:27.605232 #28826]  INFO -- : CALL: DataService.load api_url: gv373.infusionsoft.com api_key:94c11c8a7a198e08f6ba3b58bf5d592a at:2018-05-04 17:21:27 -0500 args:["Contact", 465, [:FirstName, :LastName, :Email, :Website, :StreetAddress1, :City, :State, :PostalCode, :Groups]]
I, [2018-05-04T17:21:27.737026 #28826]  INFO -- : RESULT: {"Email"=>"mttwardowski@gmail.com", "FirstName"=>"Matt", "State"=>"IL", "Groups"=>"104,116,135", "PostalCode"=>"60004", "LastName"=>"Twardowski", "City"=>"ARLINGTON HEIGHTS", "StreetAddress1"=>"1718 N MITCHELL AVE"}
I, [2018-05-04T17:21:30.431066 #28826]  INFO -- : CALL: DataService.load api_url: gv373.infusionsoft.com api_key:94c11c8a7a198e08f6ba3b58bf5d592a at:2018-05-04 17:21:30 -0500 args:["Contact", 465, [:FirstName, :LastName, :Email, :Website, :StreetAddress1, :City, :State, :PostalCode, :Groups]]
I, [2018-05-04T17:21:30.550654 #28826]  INFO -- : RESULT: {"Email"=>"mttwardowski@gmail.com", "FirstName"=>"Matt", "State"=>"IL", "Groups"=>"104,116,135", "PostalCode"=>"60004", "LastName"=>"Twardowski", "City"=>"ARLINGTON HEIGHTS", "StreetAddress1"=>"1718 N MITCHELL AVE"}
I, [2018-05-04T17:21:34.005570 #28826]  INFO -- : CALL: DataService.load api_url: gv373.infusionsoft.com api_key:94c11c8a7a198e08f6ba3b58bf5d592a at:2018-05-04 17:21:34 -0500 args:["Contact", 465, [:FirstName, :LastName, :Email, :Website, :StreetAddress1, :City, :State, :PostalCode, :Groups]]
I, [2018-05-04T17:21:34.126193 #28826]  INFO -- : RESULT: {"Email"=>"mttwardowski@gmail.com", "FirstName"=>"Matt", "State"=>"IL", "Groups"=>"104,116,135", "PostalCode"=>"60004", "LastName"=>"Twardowski", "City"=>"ARLINGTON HEIGHTS", "StreetAddress1"=>"1718 N MITCHELL AVE"}
I, [2018-05-04T17:21:34.154187 #28826]  INFO -- : CALL: DataService.load api_url: gv373.infusionsoft.com api_key:94c11c8a7a198e08f6ba3b58bf5d592a at:2018-05-04 17:21:34 -0500 args:["Contact", 465, [:FirstName, :LastName, :Email, :Website, :StreetAddress1, :City, :State, :PostalCode, :Groups]]
I, [2018-05-04T17:21:34.280033 #28826]  INFO -- : RESULT: {"Email"=>"mttwardowski@gmail.com", "FirstName"=>"Matt", "State"=>"IL", "Groups"=>"104,116,135", "PostalCode"=>"60004", "LastName"=>"Twardowski", "City"=>"ARLINGTON HEIGHTS", "StreetAddress1"=>"1718 N MITCHELL AVE"}
I, [2018-05-04T17:21:45.484470 #28826]  INFO -- : CALL: DataService.load api_url: gv373.infusionsoft.com api_key:94c11c8a7a198e08f6ba3b58bf5d592a at:2018-05-04 17:21:45 -0500 args:["Contact", 465, [:FirstName, :LastName, :Email, :Website, :StreetAddress1, :City, :State, :PostalCode, :Groups]]
I, [2018-05-04T17:21:45.680725 #28826]  INFO -- : RESULT: {"Email"=>"mttwardowski@gmail.com", "FirstName"=>"Matt", "State"=>"IL", "Groups"=>"104,116,135", "PostalCode"=>"60004", "LastName"=>"Twardowski", "City"=>"ARLINGTON HEIGHTS", "StreetAddress1"=>"1718 N MITCHELL AVE"}
I, [2018-05-04T17:21:45.927349 #28826]  INFO -- : CALL: DataService.load api_url: gv373.infusionsoft.com api_key:94c11c8a7a198e08f6ba3b58bf5d592a at:2018-05-04 17:21:45 -0500 args:["Contact", 465, [:FirstName, :LastName, :Email, :Website, :StreetAddress1, :City, :State, :PostalCode, :Groups]]
I, [2018-05-04T17:21:46.048739 #28826]  INFO -- : RESULT: {"Email"=>"mttwardowski@gmail.com", "FirstName"=>"Matt", "State"=>"IL", "Groups"=>"104,116,135", "PostalCode"=>"60004", "LastName"=>"Twardowski", "City"=>"ARLINGTON HEIGHTS", "StreetAddress1"=>"1718 N MITCHELL AVE"}
I, [2018-05-04T17:21:46.080065 #28826]  INFO -- : CALL: DataService.load api_url: gv373.infusionsoft.com api_key:94c11c8a7a198e08f6ba3b58bf5d592a at:2018-05-04 17:21:46 -0500 args:["Contact", 465, [:FirstName, :LastName, :Email, :Website, :StreetAddress1, :City, :State, :PostalCode, :Groups]]
I, [2018-05-04T17:21:46.214136 #28826]  INFO -- : RESULT: {"Email"=>"mttwardowski@gmail.com", "FirstName"=>"Matt", "State"=>"IL", "Groups"=>"104,116,135", "PostalCode"=>"60004", "LastName"=>"Twardowski", "City"=>"ARLINGTON HEIGHTS", "StreetAddress1"=>"1718 N MITCHELL AVE"}
I, [2018-05-04T17:26:43.971105 #28825]  INFO -- : CALL: DataService.load api_url: gv373.infusionsoft.com api_key:94c11c8a7a198e08f6ba3b58bf5d592a at:2018-05-04 17:26:43 -0500 args:["Contact", 465, [:FirstName, :LastName, :Email, :Website, :StreetAddress1, :City, :State, :PostalCode, :Groups]]
I, [2018-05-04T17:26:44.201775 #28825]  INFO -- : RESULT: {"Email"=>"mttwardowski@gmail.com", "FirstName"=>"Matt", "State"=>"IL", "Groups"=>"104,116,135", "PostalCode"=>"60004", "LastName"=>"Twardowski", "City"=>"ARLINGTON HEIGHTS", "StreetAddress1"=>"1718 N MITCHELL AVE"}
I, [2018-05-04T17:26:44.226843 #28825]  INFO -- : CALL: DataService.load api_url: gv373.infusionsoft.com api_key:94c11c8a7a198e08f6ba3b58bf5d592a at:2018-05-04 17:26:44 -0500 args:["Contact", 465, [:FirstName, :LastName, :Email, :Website, :StreetAddress1, :City, :State, :PostalCode, :Groups]]
I, [2018-05-04T17:26:44.396433 #28825]  INFO -- : RESULT: {"Email"=>"mttwardowski@gmail.com", "FirstName"=>"Matt", "State"=>"IL", "Groups"=>"104,116,135", "PostalCode"=>"60004", "LastName"=>"Twardowski", "City"=>"ARLINGTON HEIGHTS", "StreetAddress1"=>"1718 N MITCHELL AVE"}
I, [2018-05-04T17:27:03.605634 #28825]  INFO -- : CALL: DataService.load api_url: gv373.infusionsoft.com api_key:94c11c8a7a198e08f6ba3b58bf5d592a at:2018-05-04 17:27:03 -0500 args:["Contact", 465, [:FirstName, :LastName, :Email, :Website, :StreetAddress1, :City, :State, :PostalCode, :Groups]]
I, [2018-05-04T17:27:03.729724 #28825]  INFO -- : RESULT: {"Email"=>"mttwardowski@gmail.com", "FirstName"=>"Matt", "State"=>"IL", "Groups"=>"104,116,135", "PostalCode"=>"60004", "LastName"=>"Twardowski", "City"=>"ARLINGTON HEIGHTS", "StreetAddress1"=>"1718 N MITCHELL AVE"}
I, [2018-05-04T17:27:03.754941 #28825]  INFO -- : CALL: DataService.load api_url: gv373.infusionsoft.com api_key:94c11c8a7a198e08f6ba3b58bf5d592a at:2018-05-04 17:27:03 -0500 args:["Contact", 465, [:FirstName, :LastName, :Email, :Website, :StreetAddress1, :City, :State, :PostalCode, :Groups]]
I, [2018-05-04T17:27:03.957497 #28825]  INFO -- : RESULT: {"Email"=>"mttwardowski@gmail.com", "FirstName"=>"Matt", "State"=>"IL", "Groups"=>"104,116,135", "PostalCode"=>"60004", "LastName"=>"Twardowski", "City"=>"ARLINGTON HEIGHTS", "StreetAddress1"=>"1718 N MITCHELL AVE"}
I, [2018-05-04T17:27:10.752198 #28825]  INFO -- : CALL: DataService.load api_url: gv373.infusionsoft.com api_key:94c11c8a7a198e08f6ba3b58bf5d592a at:2018-05-04 17:27:10 -0500 args:["Contact", 465, [:FirstName, :LastName, :Email, :Website, :StreetAddress1, :City, :State, :PostalCode, :Groups]]
I, [2018-05-04T17:27:11.094386 #28825]  INFO -- : RESULT: {"Email"=>"mttwardowski@gmail.com", "FirstName"=>"Matt", "State"=>"IL", "Groups"=>"104,116,135", "PostalCode"=>"60004", "LastName"=>"Twardowski", "City"=>"ARLINGTON HEIGHTS", "StreetAddress1"=>"1718 N MITCHELL AVE"}
I, [2018-05-04T17:27:15.153166 #28825]  INFO -- : CALL: DataService.load api_url: gv373.infusionsoft.com api_key:94c11c8a7a198e08f6ba3b58bf5d592a at:2018-05-04 17:27:15 -0500 args:["Contact", 465, [:FirstName, :LastName, :Email, :Website, :StreetAddress1, :City, :State, :PostalCode, :Groups]]
I, [2018-05-04T17:27:15.313012 #28825]  INFO -- : RESULT: {"Email"=>"mttwardowski@gmail.com", "FirstName"=>"Matt", "State"=>"IL", "Groups"=>"104,116,135", "PostalCode"=>"60004", "LastName"=>"Twardowski", "City"=>"ARLINGTON HEIGHTS", "StreetAddress1"=>"1718 N MITCHELL AVE"}
I, [2018-05-04T17:27:31.693535 #28825]  INFO -- : CALL: DataService.load api_url: gv373.infusionsoft.com api_key:94c11c8a7a198e08f6ba3b58bf5d592a at:2018-05-04 17:27:31 -0500 args:["Contact", 465, [:FirstName, :LastName, :Email, :Website, :StreetAddress1, :City, :State, :PostalCode, :Groups]]
I, [2018-05-04T17:27:31.956605 #28825]  INFO -- : RESULT: {"Email"=>"mttwardowski@gmail.com", "FirstName"=>"Matt", "State"=>"IL", "Groups"=>"104,116,135", "PostalCode"=>"60004", "LastName"=>"Twardowski", "City"=>"ARLINGTON HEIGHTS", "StreetAddress1"=>"1718 N MITCHELL AVE"}
I, [2018-05-04T17:27:55.850353 #28826]  INFO -- : CALL: DataService.load api_url: gv373.infusionsoft.com api_key:94c11c8a7a198e08f6ba3b58bf5d592a at:2018-05-04 17:27:55 -0500 args:["Contact", 465, [:FirstName, :LastName, :Email, :Website, :StreetAddress1, :City, :State, :PostalCode, :Groups]]
I, [2018-05-04T17:27:55.993728 #28826]  INFO -- : RESULT: {"Email"=>"mttwardowski@gmail.com", "FirstName"=>"Matt", "State"=>"IL", "Groups"=>"104,116,135", "PostalCode"=>"60004", "LastName"=>"Twardowski", "City"=>"ARLINGTON HEIGHTS", "StreetAddress1"=>"1718 N MITCHELL AVE"}
I, [2018-05-04T17:28:29.357652 #28825]  INFO -- : CALL: DataService.load api_url: gv373.infusionsoft.com api_key:94c11c8a7a198e08f6ba3b58bf5d592a at:2018-05-04 17:28:29 -0500 args:["Contact", 465, [:FirstName, :LastName, :Email, :Website, :StreetAddress1, :City, :State, :PostalCode, :Groups]]
I, [2018-05-04T17:28:29.483355 #28825]  INFO -- : RESULT: {"Email"=>"mttwardowski@gmail.com", "FirstName"=>"Matt", "State"=>"IL", "Groups"=>"104,116,135", "PostalCode"=>"60004", "LastName"=>"Twardowski", "City"=>"ARLINGTON HEIGHTS", "StreetAddress1"=>"1718 N MITCHELL AVE"}
I, [2018-05-04T17:28:35.882531 #28825]  INFO -- : CALL: DataService.load api_url: gv373.infusionsoft.com api_key:94c11c8a7a198e08f6ba3b58bf5d592a at:2018-05-04 17:28:35 -0500 args:["Contact", 465, [:FirstName, :LastName, :Email, :Website, :StreetAddress1, :City, :State, :PostalCode, :Groups]]
I, [2018-05-04T17:28:35.893085 #28825]  INFO -- : CALL: DataService.load api_url: gv373.infusionsoft.com api_key:94c11c8a7a198e08f6ba3b58bf5d592a at:2018-05-04 17:28:35 -0500 args:["Contact", 465, [:FirstName, :LastName, :Email, :Website, :StreetAddress1, :City, :State, :PostalCode, :Groups]]
I, [2018-05-04T17:28:36.006507 #28825]  INFO -- : RESULT: {"Email"=>"mttwardowski@gmail.com", "FirstName"=>"Matt", "State"=>"IL", "Groups"=>"104,116,135", "PostalCode"=>"60004", "LastName"=>"Twardowski", "City"=>"ARLINGTON HEIGHTS", "StreetAddress1"=>"1718 N MITCHELL AVE"}
I, [2018-05-04T17:28:36.106715 #28825]  INFO -- : RESULT: {"Email"=>"mttwardowski@gmail.com", "FirstName"=>"Matt", "State"=>"IL", "Groups"=>"104,116,135", "PostalCode"=>"60004", "LastName"=>"Twardowski", "City"=>"ARLINGTON HEIGHTS", "StreetAddress1"=>"1718 N MITCHELL AVE"}
I, [2018-05-04T17:28:43.535245 #28825]  INFO -- : CALL: DataService.load api_url: gv373.infusionsoft.com api_key:94c11c8a7a198e08f6ba3b58bf5d592a at:2018-05-04 17:28:43 -0500 args:["Contact", 465, [:FirstName, :LastName, :Email, :Website, :StreetAddress1, :City, :State, :PostalCode, :Groups]]
I, [2018-05-04T17:28:43.780589 #28825]  INFO -- : RESULT: {"Email"=>"mttwardowski@gmail.com", "FirstName"=>"Matt", "State"=>"IL", "Groups"=>"104,116,135", "PostalCode"=>"60004", "LastName"=>"Twardowski", "City"=>"ARLINGTON HEIGHTS", "StreetAddress1"=>"1718 N MITCHELL AVE"}
I, [2018-05-04T17:33:12.615003 #28826]  INFO -- : CALL: DataService.load api_url: gv373.infusionsoft.com api_key:94c11c8a7a198e08f6ba3b58bf5d592a at:2018-05-04 17:33:12 -0500 args:["Contact", 465, [:FirstName, :LastName, :Email, :Website, :StreetAddress1, :City, :State, :PostalCode, :Groups]]
I, [2018-05-04T17:33:12.852707 #28826]  INFO -- : RESULT: {"Email"=>"mttwardowski@gmail.com", "FirstName"=>"Matt", "State"=>"IL", "Groups"=>"104,116,135", "PostalCode"=>"60004", "LastName"=>"Twardowski", "City"=>"ARLINGTON HEIGHTS", "StreetAddress1"=>"1718 N MITCHELL AVE"}
I, [2018-05-04T17:38:44.830525 #28825]  INFO -- : CALL: DataService.load api_url: gv373.infusionsoft.com api_key:94c11c8a7a198e08f6ba3b58bf5d592a at:2018-05-04 17:38:44 -0500 args:["Contact", 465, [:FirstName, :LastName, :Email, :Website, :StreetAddress1, :City, :State, :PostalCode, :Groups]]
I, [2018-05-04T17:38:44.965488 #28825]  INFO -- : RESULT: {"Email"=>"mttwardowski@gmail.com", "FirstName"=>"Matt", "State"=>"IL", "Groups"=>"104,116,135", "PostalCode"=>"60004", "LastName"=>"Twardowski", "City"=>"ARLINGTON HEIGHTS", "StreetAddress1"=>"1718 N MITCHELL AVE"}
I, [2018-05-04T17:39:08.645415 #28826]  INFO -- : CALL: DataService.load api_url: gv373.infusionsoft.com api_key:94c11c8a7a198e08f6ba3b58bf5d592a at:2018-05-04 17:39:08 -0500 args:["Contact", 465, [:FirstName, :LastName, :Email, :Website, :StreetAddress1, :City, :State, :PostalCode, :Groups]]
I, [2018-05-04T17:39:08.673149 #28826]  INFO -- : CALL: DataService.load api_url: gv373.infusionsoft.com api_key:94c11c8a7a198e08f6ba3b58bf5d592a at:2018-05-04 17:39:08 -0500 args:["Contact", 465, [:FirstName, :LastName, :Email, :Website, :StreetAddress1, :City, :State, :PostalCode, :Groups]]
I, [2018-05-04T17:39:08.772154 #28826]  INFO -- : RESULT: {"Email"=>"mttwardowski@gmail.com", "FirstName"=>"Matt", "State"=>"IL", "Groups"=>"104,116,135", "PostalCode"=>"60004", "LastName"=>"Twardowski", "City"=>"ARLINGTON HEIGHTS", "StreetAddress1"=>"1718 N MITCHELL AVE"}
I, [2018-05-04T17:39:08.794266 #28826]  INFO -- : RESULT: {"Email"=>"mttwardowski@gmail.com", "FirstName"=>"Matt", "State"=>"IL", "Groups"=>"104,116,135", "PostalCode"=>"60004", "LastName"=>"Twardowski", "City"=>"ARLINGTON HEIGHTS", "StreetAddress1"=>"1718 N MITCHELL AVE"}
I, [2018-05-04T17:39:27.553100 #28826]  INFO -- : CALL: DataService.load api_url: gv373.infusionsoft.com api_key:94c11c8a7a198e08f6ba3b58bf5d592a at:2018-05-04 17:39:27 -0500 args:["Contact", 465, [:FirstName, :LastName, :Email, :Website, :StreetAddress1, :City, :State, :PostalCode, :Groups]]
I, [2018-05-04T17:39:27.560287 #28826]  INFO -- : CALL: DataService.load api_url: gv373.infusionsoft.com api_key:94c11c8a7a198e08f6ba3b58bf5d592a at:2018-05-04 17:39:27 -0500 args:["Contact", 465, [:FirstName, :LastName, :Email, :Website, :StreetAddress1, :City, :State, :PostalCode, :Groups]]
I, [2018-05-04T17:39:27.677603 #28826]  INFO -- : RESULT: {"Email"=>"mttwardowski@gmail.com", "FirstName"=>"Matt", "State"=>"IL", "Groups"=>"104,116,135", "PostalCode"=>"60004", "LastName"=>"Twardowski", "City"=>"ARLINGTON HEIGHTS", "StreetAddress1"=>"1718 N MITCHELL AVE"}
I, [2018-05-04T17:39:27.736317 #28826]  INFO -- : RESULT: {"Email"=>"mttwardowski@gmail.com", "FirstName"=>"Matt", "State"=>"IL", "Groups"=>"104,116,135", "PostalCode"=>"60004", "LastName"=>"Twardowski", "City"=>"ARLINGTON HEIGHTS", "StreetAddress1"=>"1718 N MITCHELL AVE"}
I, [2018-05-04T17:39:39.415555 #28826]  INFO -- : CALL: DataService.load api_url: gv373.infusionsoft.com api_key:94c11c8a7a198e08f6ba3b58bf5d592a at:2018-05-04 17:39:39 -0500 args:["Contact", 465, [:FirstName, :LastName, :Email, :Website, :StreetAddress1, :City, :State, :PostalCode, :Groups]]
I, [2018-05-04T17:39:39.549085 #28826]  INFO -- : RESULT: {"Email"=>"mttwardowski@gmail.com", "FirstName"=>"Matt", "State"=>"IL", "Groups"=>"104,116,135", "PostalCode"=>"60004", "LastName"=>"Twardowski", "City"=>"ARLINGTON HEIGHTS", "StreetAddress1"=>"1718 N MITCHELL AVE"}
I, [2018-05-04T17:39:49.911713 #28825]  INFO -- : CALL: DataService.load api_url: gv373.infusionsoft.com api_key:94c11c8a7a198e08f6ba3b58bf5d592a at:2018-05-04 17:39:49 -0500 args:["Contact", 465, [:FirstName, :LastName, :Email, :Website, :StreetAddress1, :City, :State, :PostalCode, :Groups]]
I, [2018-05-04T17:39:49.919566 #28825]  INFO -- : CALL: DataService.load api_url: gv373.infusionsoft.com api_key:94c11c8a7a198e08f6ba3b58bf5d592a at:2018-05-04 17:39:49 -0500 args:["Contact", 465, [:FirstName, :LastName, :Email, :Website, :StreetAddress1, :City, :State, :PostalCode, :Groups]]
I, [2018-05-04T17:39:50.089860 #28825]  INFO -- : RESULT: {"Email"=>"mttwardowski@gmail.com", "FirstName"=>"Matt", "State"=>"IL", "Groups"=>"104,116,135", "PostalCode"=>"60004", "LastName"=>"Twardowski", "City"=>"ARLINGTON HEIGHTS", "StreetAddress1"=>"1718 N MITCHELL AVE"}
I, [2018-05-04T17:39:50.118055 #28825]  INFO -- : RESULT: {"Email"=>"mttwardowski@gmail.com", "FirstName"=>"Matt", "State"=>"IL", "Groups"=>"104,116,135", "PostalCode"=>"60004", "LastName"=>"Twardowski", "City"=>"ARLINGTON HEIGHTS", "StreetAddress1"=>"1718 N MITCHELL AVE"}
I, [2018-05-04T17:42:36.468889 #28826]  INFO -- : CALL: DataService.load api_url: gv373.infusionsoft.com api_key:94c11c8a7a198e08f6ba3b58bf5d592a at:2018-05-04 17:42:36 -0500 args:["Contact", 465, [:FirstName, :LastName, :Email, :Website, :StreetAddress1, :City, :State, :PostalCode, :Groups]]
I, [2018-05-04T17:42:36.633469 #28826]  INFO -- : RESULT: {"Email"=>"mttwardowski@gmail.com", "FirstName"=>"Matt", "State"=>"IL", "Groups"=>"104,116,135", "PostalCode"=>"60004", "LastName"=>"Twardowski", "City"=>"ARLINGTON HEIGHTS", "StreetAddress1"=>"1718 N MITCHELL AVE"}
I, [2018-05-04T17:42:46.279424 #28826]  INFO -- : CALL: DataService.load api_url: gv373.infusionsoft.com api_key:94c11c8a7a198e08f6ba3b58bf5d592a at:2018-05-04 17:42:46 -0500 args:["Contact", 465, [:FirstName, :LastName, :Email, :Website, :StreetAddress1, :City, :State, :PostalCode, :Groups]]
I, [2018-05-04T17:42:46.287651 #28826]  INFO -- : CALL: DataService.load api_url: gv373.infusionsoft.com api_key:94c11c8a7a198e08f6ba3b58bf5d592a at:2018-05-04 17:42:46 -0500 args:["Contact", 465, [:FirstName, :LastName, :Email, :Website, :StreetAddress1, :City, :State, :PostalCode, :Groups]]
I, [2018-05-04T17:42:46.407899 #28826]  INFO -- : RESULT: {"Email"=>"mttwardowski@gmail.com", "FirstName"=>"Matt", "State"=>"IL", "Groups"=>"104,116,135", "PostalCode"=>"60004", "LastName"=>"Twardowski", "City"=>"ARLINGTON HEIGHTS", "StreetAddress1"=>"1718 N MITCHELL AVE"}
I, [2018-05-04T17:42:46.408734 #28826]  INFO -- : RESULT: {"Email"=>"mttwardowski@gmail.com", "FirstName"=>"Matt", "State"=>"IL", "Groups"=>"104,116,135", "PostalCode"=>"60004", "LastName"=>"Twardowski", "City"=>"ARLINGTON HEIGHTS", "StreetAddress1"=>"1718 N MITCHELL AVE"}
I, [2018-05-04T17:42:57.275253 #28826]  INFO -- : CALL: DataService.load api_url: gv373.infusionsoft.com api_key:94c11c8a7a198e08f6ba3b58bf5d592a at:2018-05-04 17:42:57 -0500 args:["Contact", 465, [:FirstName, :LastName, :Email, :Website, :StreetAddress1, :City, :State, :PostalCode, :Groups]]
I, [2018-05-04T17:42:57.441941 #28826]  INFO -- : RESULT: {"Email"=>"mttwardowski@gmail.com", "FirstName"=>"Matt", "State"=>"IL", "Groups"=>"104,116,135", "PostalCode"=>"60004", "LastName"=>"Twardowski", "City"=>"ARLINGTON HEIGHTS", "StreetAddress1"=>"1718 N MITCHELL AVE"}
I, [2018-05-04T17:52:25.760921 #28825]  INFO -- : CALL: DataService.load api_url: gv373.infusionsoft.com api_key:94c11c8a7a198e08f6ba3b58bf5d592a at:2018-05-04 17:52:25 -0500 args:["Contact", 465, [:FirstName, :LastName, :Email, :Website, :StreetAddress1, :City, :State, :PostalCode, :Groups]]
I, [2018-05-04T17:52:26.143362 #28825]  INFO -- : RESULT: {"Email"=>"mttwardowski@gmail.com", "FirstName"=>"Matt", "State"=>"IL", "Groups"=>"104,116,135", "PostalCode"=>"60004", "LastName"=>"Twardowski", "City"=>"ARLINGTON HEIGHTS", "StreetAddress1"=>"1718 N MITCHELL AVE"}
I, [2018-05-04T17:52:37.270646 #28826]  INFO -- : CALL: DataService.load api_url: gv373.infusionsoft.com api_key:94c11c8a7a198e08f6ba3b58bf5d592a at:2018-05-04 17:52:37 -0500 args:["Contact", 465, [:FirstName, :LastName, :Email, :Website, :StreetAddress1, :City, :State, :PostalCode, :Groups]]
I, [2018-05-04T17:52:37.280524 #28826]  INFO -- : CALL: DataService.load api_url: gv373.infusionsoft.com api_key:94c11c8a7a198e08f6ba3b58bf5d592a at:2018-05-04 17:52:37 -0500 args:["Contact", 465, [:FirstName, :LastName, :Email, :Website, :StreetAddress1, :City, :State, :PostalCode, :Groups]]
I, [2018-05-04T17:52:37.650195 #28826]  INFO -- : RESULT: {"Email"=>"mttwardowski@gmail.com", "FirstName"=>"Matt", "State"=>"IL", "Groups"=>"104,116,135", "PostalCode"=>"60004", "LastName"=>"Twardowski", "City"=>"ARLINGTON HEIGHTS", "StreetAddress1"=>"1718 N MITCHELL AVE"}
I, [2018-05-04T17:52:37.662810 #28826]  INFO -- : RESULT: {"Email"=>"mttwardowski@gmail.com", "FirstName"=>"Matt", "State"=>"IL", "Groups"=>"104,116,135", "PostalCode"=>"60004", "LastName"=>"Twardowski", "City"=>"ARLINGTON HEIGHTS", "StreetAddress1"=>"1718 N MITCHELL AVE"}
I, [2018-05-04T18:04:02.135502 #28825]  INFO -- : CALL: DataService.load api_url: gv373.infusionsoft.com api_key:94c11c8a7a198e08f6ba3b58bf5d592a at:2018-05-04 18:04:02 -0500 args:["Contact", 465, [:FirstName, :LastName, :Email, :Website, :StreetAddress1, :City, :State, :PostalCode, :Groups]]
I, [2018-05-04T18:04:02.400501 #28825]  INFO -- : RESULT: {"Email"=>"mttwardowski@gmail.com", "FirstName"=>"Matt", "State"=>"IL", "Groups"=>"104,116,135", "PostalCode"=>"60004", "LastName"=>"Twardowski", "City"=>"ARLINGTON HEIGHTS", "StreetAddress1"=>"1718 N MITCHELL AVE"}
I, [2018-05-04T18:04:24.952822 #28826]  INFO -- : CALL: DataService.load api_url: gv373.infusionsoft.com api_key:94c11c8a7a198e08f6ba3b58bf5d592a at:2018-05-04 18:04:24 -0500 args:["Contact", 465, [:FirstName, :LastName, :Email, :Website, :StreetAddress1, :City, :State, :PostalCode, :Groups]]
I, [2018-05-04T18:04:25.123466 #28826]  INFO -- : RESULT: {"Email"=>"mttwardowski@gmail.com", "FirstName"=>"Matt", "State"=>"IL", "Groups"=>"104,116,135", "PostalCode"=>"60004", "LastName"=>"Twardowski", "City"=>"ARLINGTON HEIGHTS", "StreetAddress1"=>"1718 N MITCHELL AVE"}
I, [2018-05-04T18:04:38.503216 #28826]  INFO -- : CALL: DataService.load api_url: gv373.infusionsoft.com api_key:94c11c8a7a198e08f6ba3b58bf5d592a at:2018-05-04 18:04:38 -0500 args:["Contact", 465, [:FirstName, :LastName, :Email, :Website, :StreetAddress1, :City, :State, :PostalCode, :Groups]]
I, [2018-05-04T18:04:38.843949 #28826]  INFO -- : RESULT: {"Email"=>"mttwardowski@gmail.com", "FirstName"=>"Matt", "State"=>"IL", "Groups"=>"104,116,135", "PostalCode"=>"60004", "LastName"=>"Twardowski", "City"=>"ARLINGTON HEIGHTS", "StreetAddress1"=>"1718 N MITCHELL AVE"}
I, [2018-05-04T18:04:42.190698 #28825]  INFO -- : CALL: DataService.load api_url: gv373.infusionsoft.com api_key:94c11c8a7a198e08f6ba3b58bf5d592a at:2018-05-04 18:04:42 -0500 args:["Contact", 465, [:FirstName, :LastName, :Email, :Website, :StreetAddress1, :City, :State, :PostalCode, :Groups]]
I, [2018-05-04T18:04:42.339345 #28825]  INFO -- : RESULT: {"Email"=>"mttwardowski@gmail.com", "FirstName"=>"Matt", "State"=>"IL", "Groups"=>"104,116,135", "PostalCode"=>"60004", "LastName"=>"Twardowski", "City"=>"ARLINGTON HEIGHTS", "StreetAddress1"=>"1718 N MITCHELL AVE"}
I, [2018-05-04T18:04:45.748056 #28826]  INFO -- : CALL: DataService.load api_url: gv373.infusionsoft.com api_key:94c11c8a7a198e08f6ba3b58bf5d592a at:2018-05-04 18:04:45 -0500 args:["Contact", 465, [:FirstName, :LastName, :Email, :Website, :StreetAddress1, :City, :State, :PostalCode, :Groups]]
I, [2018-05-04T18:04:46.036081 #28826]  INFO -- : RESULT: {"Email"=>"mttwardowski@gmail.com", "FirstName"=>"Matt", "State"=>"IL", "Groups"=>"104,116,135", "PostalCode"=>"60004", "LastName"=>"Twardowski", "City"=>"ARLINGTON HEIGHTS", "StreetAddress1"=>"1718 N MITCHELL AVE"}
I, [2018-05-04T18:05:16.296576 #28825]  INFO -- : CALL: DataService.load api_url: gv373.infusionsoft.com api_key:94c11c8a7a198e08f6ba3b58bf5d592a at:2018-05-04 18:05:16 -0500 args:["Contact", 465, [:FirstName, :LastName, :Email, :Website, :StreetAddress1, :City, :State, :PostalCode, :Groups]]
I, [2018-05-04T18:05:16.469392 #28825]  INFO -- : RESULT: {"Email"=>"mttwardowski@gmail.com", "FirstName"=>"Matt", "State"=>"IL", "Groups"=>"104,116,135", "PostalCode"=>"60004", "LastName"=>"Twardowski", "City"=>"ARLINGTON HEIGHTS", "StreetAddress1"=>"1718 N MITCHELL AVE"}
I, [2018-05-04T18:08:05.156395 #28826]  INFO -- : CALL: DataService.load api_url: gv373.infusionsoft.com api_key:94c11c8a7a198e08f6ba3b58bf5d592a at:2018-05-04 18:08:05 -0500 args:["Contact", 465, [:FirstName, :LastName, :Email, :Website, :StreetAddress1, :City, :State, :PostalCode, :Groups]]
I, [2018-05-04T18:08:05.669281 #28826]  INFO -- : RESULT: {"Email"=>"mttwardowski@gmail.com", "FirstName"=>"Matt", "State"=>"IL", "Groups"=>"104,116,135", "PostalCode"=>"60004", "LastName"=>"Twardowski", "City"=>"ARLINGTON HEIGHTS", "StreetAddress1"=>"1718 N MITCHELL AVE"}
I, [2018-05-04T18:08:22.365884 #28825]  INFO -- : CALL: DataService.load api_url: gv373.infusionsoft.com api_key:94c11c8a7a198e08f6ba3b58bf5d592a at:2018-05-04 18:08:22 -0500 args:["Contact", 465, [:FirstName, :LastName, :Email, :Website, :StreetAddress1, :City, :State, :PostalCode, :Groups]]
I, [2018-05-04T18:08:22.558635 #28825]  INFO -- : RESULT: {"Email"=>"mttwardowski@gmail.com", "FirstName"=>"Matt", "State"=>"IL", "Groups"=>"104,116,135", "PostalCode"=>"60004", "LastName"=>"Twardowski", "City"=>"ARLINGTON HEIGHTS", "StreetAddress1"=>"1718 N MITCHELL AVE"}
I, [2018-05-04T19:00:58.732318 #28826]  INFO -- : CALL: DataService.load api_url: gv373.infusionsoft.com api_key:94c11c8a7a198e08f6ba3b58bf5d592a at:2018-05-04 19:00:58 -0500 args:["Contact", 465, [:FirstName, :LastName, :Email, :Website, :StreetAddress1, :City, :State, :PostalCode, :Groups]]
I, [2018-05-04T19:00:59.076491 #28826]  INFO -- : RESULT: {"Email"=>"mttwardowski@gmail.com", "FirstName"=>"Matt", "State"=>"IL", "Groups"=>"104,116,135", "PostalCode"=>"60004", "LastName"=>"Twardowski", "City"=>"ARLINGTON HEIGHTS", "StreetAddress1"=>"1718 N MITCHELL AVE"}
I, [2018-05-04T19:01:15.966205 #30422]  INFO -- : CALL: DataService.load api_url: gv373.infusionsoft.com api_key:94c11c8a7a198e08f6ba3b58bf5d592a at:2018-05-04 19:01:15 -0500 args:["Contact", 465, [:FirstName, :LastName, :Email, :Website, :StreetAddress1, :City, :State, :PostalCode, :Groups]]
I, [2018-05-04T19:01:16.336224 #30422]  INFO -- : RESULT: {"Email"=>"mttwardowski@gmail.com", "FirstName"=>"Matt", "State"=>"IL", "Groups"=>"104,116,135", "PostalCode"=>"60004", "LastName"=>"Twardowski", "City"=>"ARLINGTON HEIGHTS", "StreetAddress1"=>"1718 N MITCHELL AVE"}
I, [2018-05-04T19:04:14.172270 #28826]  INFO -- : CALL: DataService.load api_url: gv373.infusionsoft.com api_key:94c11c8a7a198e08f6ba3b58bf5d592a at:2018-05-04 19:04:14 -0500 args:["Contact", 465, [:FirstName, :LastName, :Email, :Website, :StreetAddress1, :City, :State, :PostalCode, :Groups]]
I, [2018-05-04T19:04:14.339154 #28826]  INFO -- : RESULT: {"Email"=>"mttwardowski@gmail.com", "FirstName"=>"Matt", "State"=>"IL", "Groups"=>"104,116,135", "PostalCode"=>"60004", "LastName"=>"Twardowski", "City"=>"ARLINGTON HEIGHTS", "StreetAddress1"=>"1718 N MITCHELL AVE"}
I, [2018-05-04T19:04:25.762038 #28826]  INFO -- : CALL: DataService.load api_url: gv373.infusionsoft.com api_key:94c11c8a7a198e08f6ba3b58bf5d592a at:2018-05-04 19:04:25 -0500 args:["Contact", 465, [:FirstName, :LastName, :Email, :Website, :StreetAddress1, :City, :State, :PostalCode, :Groups]]
I, [2018-05-04T19:04:25.931067 #28826]  INFO -- : RESULT: {"Email"=>"mttwardowski@gmail.com", "FirstName"=>"Matt", "State"=>"IL", "Groups"=>"104,116,135", "PostalCode"=>"60004", "LastName"=>"Twardowski", "City"=>"ARLINGTON HEIGHTS", "StreetAddress1"=>"1718 N MITCHELL AVE"}
I, [2018-05-04T19:06:21.389022 #28826]  INFO -- : CALL: DataService.load api_url: gv373.infusionsoft.com api_key:94c11c8a7a198e08f6ba3b58bf5d592a at:2018-05-04 19:06:21 -0500 args:["Contact", 465, [:FirstName, :LastName, :Email, :Website, :StreetAddress1, :City, :State, :PostalCode, :Groups]]
I, [2018-05-04T19:06:21.548762 #28826]  INFO -- : RESULT: {"Email"=>"mttwardowski@gmail.com", "FirstName"=>"Matt", "State"=>"IL", "Groups"=>"104,116,135", "PostalCode"=>"60004", "LastName"=>"Twardowski", "City"=>"ARLINGTON HEIGHTS", "StreetAddress1"=>"1718 N MITCHELL AVE"}
I, [2018-05-04T19:06:42.344469 #30422]  INFO -- : CALL: DataService.load api_url: gv373.infusionsoft.com api_key:94c11c8a7a198e08f6ba3b58bf5d592a at:2018-05-04 19:06:42 -0500 args:["Contact", 465, [:FirstName, :LastName, :Email, :Website, :StreetAddress1, :City, :State, :PostalCode, :Groups]]
I, [2018-05-04T19:06:42.545553 #30422]  INFO -- : RESULT: {"Email"=>"mttwardowski@gmail.com", "FirstName"=>"Matt", "State"=>"IL", "Groups"=>"104,116,135", "PostalCode"=>"60004", "LastName"=>"Twardowski", "City"=>"ARLINGTON HEIGHTS", "StreetAddress1"=>"1718 N MITCHELL AVE"}
I, [2018-05-04T19:11:52.173140 #28826]  INFO -- : CALL: DataService.load api_url: gv373.infusionsoft.com api_key:94c11c8a7a198e08f6ba3b58bf5d592a at:2018-05-04 19:11:52 -0500 args:["Contact", 465, [:FirstName, :LastName, :Email, :Website, :StreetAddress1, :City, :State, :PostalCode, :Groups]]
I, [2018-05-04T19:11:52.412905 #28826]  INFO -- : RESULT: {"Email"=>"mttwardowski@gmail.com", "FirstName"=>"Matt", "State"=>"IL", "Groups"=>"104,116,135", "PostalCode"=>"60004", "LastName"=>"Twardowski", "City"=>"ARLINGTON HEIGHTS", "StreetAddress1"=>"1718 N MITCHELL AVE"}
I, [2018-05-04T19:12:13.158750 #30422]  INFO -- : CALL: DataService.load api_url: gv373.infusionsoft.com api_key:94c11c8a7a198e08f6ba3b58bf5d592a at:2018-05-04 19:12:13 -0500 args:["Contact", 465, [:FirstName, :LastName, :Email, :Website, :StreetAddress1, :City, :State, :PostalCode, :Groups]]
I, [2018-05-04T19:12:13.374603 #30422]  INFO -- : RESULT: {"Email"=>"mttwardowski@gmail.com", "FirstName"=>"Matt", "State"=>"IL", "Groups"=>"104,116,135", "PostalCode"=>"60004", "LastName"=>"Twardowski", "City"=>"ARLINGTON HEIGHTS", "StreetAddress1"=>"1718 N MITCHELL AVE"}
I, [2018-05-04T19:12:13.402036 #30422]  INFO -- : CALL: DataService.load api_url: gv373.infusionsoft.com api_key:94c11c8a7a198e08f6ba3b58bf5d592a at:2018-05-04 19:12:13 -0500 args:["Contact", 465, [:FirstName, :LastName, :Email, :Website, :StreetAddress1, :City, :State, :PostalCode, :Groups]]
I, [2018-05-04T19:12:13.563223 #30422]  INFO -- : RESULT: {"Email"=>"mttwardowski@gmail.com", "FirstName"=>"Matt", "State"=>"IL", "Groups"=>"104,116,135", "PostalCode"=>"60004", "LastName"=>"Twardowski", "City"=>"ARLINGTON HEIGHTS", "StreetAddress1"=>"1718 N MITCHELL AVE"}
I, [2018-05-04T19:12:21.294991 #30422]  INFO -- : CALL: DataService.load api_url: gv373.infusionsoft.com api_key:94c11c8a7a198e08f6ba3b58bf5d592a at:2018-05-04 19:12:21 -0500 args:["Contact", 465, [:FirstName, :LastName, :Email, :Website, :StreetAddress1, :City, :State, :PostalCode, :Groups]]
I, [2018-05-04T19:12:21.520458 #30422]  INFO -- : RESULT: {"Email"=>"mttwardowski@gmail.com", "FirstName"=>"Matt", "State"=>"IL", "Groups"=>"104,116,135", "PostalCode"=>"60004", "LastName"=>"Twardowski", "City"=>"ARLINGTON HEIGHTS", "StreetAddress1"=>"1718 N MITCHELL AVE"}
I, [2018-05-04T19:16:29.107620 #28826]  INFO -- : CALL: DataService.load api_url: gv373.infusionsoft.com api_key:94c11c8a7a198e08f6ba3b58bf5d592a at:2018-05-04 19:16:29 -0500 args:["Contact", 465, [:FirstName, :LastName, :Email, :Website, :StreetAddress1, :City, :State, :PostalCode, :Groups]]
I, [2018-05-04T19:16:29.389394 #28826]  INFO -- : RESULT: {"Email"=>"mttwardowski@gmail.com", "FirstName"=>"Matt", "State"=>"IL", "Groups"=>"104,116,135", "PostalCode"=>"60004", "LastName"=>"Twardowski", "City"=>"ARLINGTON HEIGHTS", "StreetAddress1"=>"1718 N MITCHELL AVE"}
I, [2018-05-04T19:16:42.134043 #28826]  INFO -- : CALL: DataService.load api_url: gv373.infusionsoft.com api_key:94c11c8a7a198e08f6ba3b58bf5d592a at:2018-05-04 19:16:42 -0500 args:["Contact", 465, [:FirstName, :LastName, :Email, :Website, :StreetAddress1, :City, :State, :PostalCode, :Groups]]
I, [2018-05-04T19:16:42.330186 #28826]  INFO -- : RESULT: {"Email"=>"mttwardowski@gmail.com", "FirstName"=>"Matt", "State"=>"IL", "Groups"=>"104,116,135", "PostalCode"=>"60004", "LastName"=>"Twardowski", "City"=>"ARLINGTON HEIGHTS", "StreetAddress1"=>"1718 N MITCHELL AVE"}
I, [2018-05-04T19:21:37.000682 #30422]  INFO -- : CALL: DataService.load api_url: gv373.infusionsoft.com api_key:94c11c8a7a198e08f6ba3b58bf5d592a at:2018-05-04 19:21:37 -0500 args:["Contact", 465, [:FirstName, :LastName, :Email, :Website, :StreetAddress1, :City, :State, :PostalCode, :Groups]]
I, [2018-05-04T19:21:37.210612 #30422]  INFO -- : RESULT: {"Email"=>"mttwardowski@gmail.com", "FirstName"=>"Matt", "State"=>"IL", "Groups"=>"104,116,135", "PostalCode"=>"60004", "LastName"=>"Twardowski", "City"=>"ARLINGTON HEIGHTS", "StreetAddress1"=>"1718 N MITCHELL AVE"}
I, [2018-05-04T19:21:49.800655 #30422]  INFO -- : CALL: DataService.load api_url: gv373.infusionsoft.com api_key:94c11c8a7a198e08f6ba3b58bf5d592a at:2018-05-04 19:21:49 -0500 args:["Contact", 465, [:FirstName, :LastName, :Email, :Website, :StreetAddress1, :City, :State, :PostalCode, :Groups]]
I, [2018-05-04T19:21:49.968928 #30422]  INFO -- : RESULT: {"Email"=>"mttwardowski@gmail.com", "FirstName"=>"Matt", "State"=>"IL", "Groups"=>"104,116,135", "PostalCode"=>"60004", "LastName"=>"Twardowski", "City"=>"ARLINGTON HEIGHTS", "StreetAddress1"=>"1718 N MITCHELL AVE"}
I, [2018-05-04T19:21:52.703385 #30422]  INFO -- : CALL: DataService.load api_url: gv373.infusionsoft.com api_key:94c11c8a7a198e08f6ba3b58bf5d592a at:2018-05-04 19:21:52 -0500 args:["Contact", 465, [:FirstName, :LastName, :Email, :Website, :StreetAddress1, :City, :State, :PostalCode, :Groups]]
I, [2018-05-04T19:21:52.859119 #30422]  INFO -- : RESULT: {"Email"=>"mttwardowski@gmail.com", "FirstName"=>"Matt", "State"=>"IL", "Groups"=>"104,116,135", "PostalCode"=>"60004", "LastName"=>"Twardowski", "City"=>"ARLINGTON HEIGHTS", "StreetAddress1"=>"1718 N MITCHELL AVE"}
I, [2018-05-04T19:42:04.356424 #28826]  INFO -- : CALL: ContactService.findByEmail api_url: gv373.infusionsoft.com api_key:94c11c8a7a198e08f6ba3b58bf5d592a at:2018-05-04 19:42:04 -0500 args:["mttwardowski@gmail.com", [:ID, :Password]]
I, [2018-05-04T19:42:04.566219 #28826]  INFO -- : RESULT: [{"ID"=>465, "Password"=>"matt1997"}]
I, [2018-05-04T19:42:04.633672 #28826]  INFO -- : CALL: DataService.load api_url: gv373.infusionsoft.com api_key:94c11c8a7a198e08f6ba3b58bf5d592a at:2018-05-04 19:42:04 -0500 args:["Contact", 465, [:FirstName, :LastName, :Email, :Website, :StreetAddress1, :City, :State, :PostalCode, :Groups]]
I, [2018-05-04T19:42:04.793831 #28826]  INFO -- : RESULT: {"Email"=>"mttwardowski@gmail.com", "FirstName"=>"Matt", "State"=>"IL", "Groups"=>"104,116,135", "PostalCode"=>"60004", "LastName"=>"Twardowski", "City"=>"ARLINGTON HEIGHTS", "StreetAddress1"=>"1718 N MITCHELL AVE"}
I, [2018-05-04T19:42:06.939802 #28826]  INFO -- : CALL: DataService.load api_url: gv373.infusionsoft.com api_key:94c11c8a7a198e08f6ba3b58bf5d592a at:2018-05-04 19:42:06 -0500 args:["Contact", 465, [:FirstName, :LastName, :Email, :Website, :StreetAddress1, :City, :State, :PostalCode, :Groups]]
I, [2018-05-04T19:42:07.143132 #28826]  INFO -- : RESULT: {"Email"=>"mttwardowski@gmail.com", "FirstName"=>"Matt", "State"=>"IL", "Groups"=>"104,116,135", "PostalCode"=>"60004", "LastName"=>"Twardowski", "City"=>"ARLINGTON HEIGHTS", "StreetAddress1"=>"1718 N MITCHELL AVE"}
I, [2018-05-04T19:42:07.928008 #28826]  INFO -- : CALL: DataService.load api_url: gv373.infusionsoft.com api_key:94c11c8a7a198e08f6ba3b58bf5d592a at:2018-05-04 19:42:07 -0500 args:["Contact", 465, [:FirstName, :LastName, :Email, :Website, :StreetAddress1, :City, :State, :PostalCode, :Groups]]
I, [2018-05-04T19:42:08.134425 #28826]  INFO -- : RESULT: {"Email"=>"mttwardowski@gmail.com", "FirstName"=>"Matt", "State"=>"IL", "Groups"=>"104,116,135", "PostalCode"=>"60004", "LastName"=>"Twardowski", "City"=>"ARLINGTON HEIGHTS", "StreetAddress1"=>"1718 N MITCHELL AVE"}
I, [2018-05-04T19:42:08.212462 #28826]  INFO -- : CALL: DataService.load api_url: gv373.infusionsoft.com api_key:94c11c8a7a198e08f6ba3b58bf5d592a at:2018-05-04 19:42:08 -0500 args:["Contact", 465, [:FirstName, :LastName, :Email, :Website, :StreetAddress1, :City, :State, :PostalCode, :Groups]]
I, [2018-05-04T19:42:08.429423 #28826]  INFO -- : RESULT: {"Email"=>"mttwardowski@gmail.com", "FirstName"=>"Matt", "State"=>"IL", "Groups"=>"104,116,135", "PostalCode"=>"60004", "LastName"=>"Twardowski", "City"=>"ARLINGTON HEIGHTS", "StreetAddress1"=>"1718 N MITCHELL AVE"}
I, [2018-05-04T19:42:15.527168 #28826]  INFO -- : CALL: DataService.load api_url: gv373.infusionsoft.com api_key:94c11c8a7a198e08f6ba3b58bf5d592a at:2018-05-04 19:42:15 -0500 args:["Contact", 465, [:FirstName, :LastName, :Email, :Website, :StreetAddress1, :City, :State, :PostalCode, :Groups]]
I, [2018-05-04T19:42:15.699856 #28826]  INFO -- : RESULT: {"Email"=>"mttwardowski@gmail.com", "FirstName"=>"Matt", "State"=>"IL", "Groups"=>"104,116,135", "PostalCode"=>"60004", "LastName"=>"Twardowski", "City"=>"ARLINGTON HEIGHTS", "StreetAddress1"=>"1718 N MITCHELL AVE"}
I, [2018-05-04T19:42:15.933078 #28826]  INFO -- : CALL: DataService.load api_url: gv373.infusionsoft.com api_key:94c11c8a7a198e08f6ba3b58bf5d592a at:2018-05-04 19:42:15 -0500 args:["Contact", 465, [:FirstName, :LastName, :Email, :Website, :StreetAddress1, :City, :State, :PostalCode, :Groups]]
I, [2018-05-04T19:42:16.562539 #28826]  INFO -- : RESULT: {"Email"=>"mttwardowski@gmail.com", "FirstName"=>"Matt", "State"=>"IL", "Groups"=>"104,116,135", "PostalCode"=>"60004", "LastName"=>"Twardowski", "City"=>"ARLINGTON HEIGHTS", "StreetAddress1"=>"1718 N MITCHELL AVE"}
I, [2018-05-04T19:42:16.587314 #28826]  INFO -- : CALL: DataService.load api_url: gv373.infusionsoft.com api_key:94c11c8a7a198e08f6ba3b58bf5d592a at:2018-05-04 19:42:16 -0500 args:["Contact", 465, [:FirstName, :LastName, :Email, :Website, :StreetAddress1, :City, :State, :PostalCode, :Groups]]
I, [2018-05-04T19:42:17.114544 #28826]  INFO -- : RESULT: {"Email"=>"mttwardowski@gmail.com", "FirstName"=>"Matt", "State"=>"IL", "Groups"=>"104,116,135", "PostalCode"=>"60004", "LastName"=>"Twardowski", "City"=>"ARLINGTON HEIGHTS", "StreetAddress1"=>"1718 N MITCHELL AVE"}
I, [2018-05-04T19:45:25.298264 #28826]  INFO -- : CALL: DataService.load api_url: gv373.infusionsoft.com api_key:94c11c8a7a198e08f6ba3b58bf5d592a at:2018-05-04 19:45:25 -0500 args:["Contact", 465, [:FirstName, :LastName, :Email, :Website, :StreetAddress1, :City, :State, :PostalCode, :Groups]]
I, [2018-05-04T19:45:28.427940 #28826]  INFO -- : RESULT: {"Email"=>"mttwardowski@gmail.com", "FirstName"=>"Matt", "State"=>"IL", "Groups"=>"104,116,135", "PostalCode"=>"60004", "LastName"=>"Twardowski", "City"=>"ARLINGTON HEIGHTS", "StreetAddress1"=>"1718 N MITCHELL AVE"}
I, [2018-05-04T19:45:51.653398 #28826]  INFO -- : CALL: DataService.load api_url: gv373.infusionsoft.com api_key:94c11c8a7a198e08f6ba3b58bf5d592a at:2018-05-04 19:45:51 -0500 args:["Contact", 465, [:FirstName, :LastName, :Email, :Website, :StreetAddress1, :City, :State, :PostalCode, :Groups]]
I, [2018-05-04T19:45:51.827395 #28826]  INFO -- : RESULT: {"Email"=>"mttwardowski@gmail.com", "FirstName"=>"Matt", "State"=>"IL", "Groups"=>"104,116,135", "PostalCode"=>"60004", "LastName"=>"Twardowski", "City"=>"ARLINGTON HEIGHTS", "StreetAddress1"=>"1718 N MITCHELL AVE"}
I, [2018-05-04T19:45:54.000933 #28826]  INFO -- : CALL: DataService.load api_url: gv373.infusionsoft.com api_key:94c11c8a7a198e08f6ba3b58bf5d592a at:2018-05-04 19:45:54 -0500 args:["Contact", 465, [:FirstName, :LastName, :Email, :Website, :StreetAddress1, :City, :State, :PostalCode, :Groups]]
I, [2018-05-04T19:45:54.191419 #28826]  INFO -- : RESULT: {"Email"=>"mttwardowski@gmail.com", "FirstName"=>"Matt", "State"=>"IL", "Groups"=>"104,116,135", "PostalCode"=>"60004", "LastName"=>"Twardowski", "City"=>"ARLINGTON HEIGHTS", "StreetAddress1"=>"1718 N MITCHELL AVE"}
I, [2018-05-04T19:50:18.150779 #31199]  INFO -- : CALL: DataService.load api_url: gv373.infusionsoft.com api_key:94c11c8a7a198e08f6ba3b58bf5d592a at:2018-05-04 19:50:18 -0500 args:["Contact", 465, [:FirstName, :LastName, :Email, :Website, :StreetAddress1, :City, :State, :PostalCode, :Groups]]
I, [2018-05-04T19:50:18.691449 #31199]  INFO -- : RESULT: {"Email"=>"mttwardowski@gmail.com", "FirstName"=>"Matt", "State"=>"IL", "Groups"=>"104,116,135", "PostalCode"=>"60004", "LastName"=>"Twardowski", "City"=>"ARLINGTON HEIGHTS", "StreetAddress1"=>"1718 N MITCHELL AVE"}
