# Logfile created on 2018-04-04 21:26:33 -0500 by logger.rb/56815
I, [2018-04-04T21:27:09.771777 #21283]  INFO -- : CALL: DataService.load api_url: gv373.infusionsoft.com api_key:94c11c8a7a198e08f6ba3b58bf5d592a at:2018-04-04 21:27:09 -0500 args:["Contact", 465, [:FirstName, :LastName, :Email, :Website, :StreetAddress1, :City, :State, :PostalCode, :Groups]]
I, [2018-04-04T21:27:10.213099 #21283]  INFO -- : RESULT: {"Email"=>"mttwardowski@gmail.com", "FirstName"=>"Matt", "State"=>"IL", "Groups"=>"104,116,135", "PostalCode"=>"60004", "LastName"=>"Twardowski", "City"=>"ARLINGTON HEIGHTS", "StreetAddress1"=>"1718 N MITCHELL AVE"}
I, [2018-04-04T21:27:10.237805 #21283]  INFO -- : CALL: DataService.load api_url: gv373.infusionsoft.com api_key:94c11c8a7a198e08f6ba3b58bf5d592a at:2018-04-04 21:27:10 -0500 args:["Contact", 465, [:FirstName, :LastName, :Email, :Website, :StreetAddress1, :City, :State, :PostalCode, :Groups]]
I, [2018-04-04T21:27:10.575708 #21283]  INFO -- : RESULT: {"Email"=>"mttwardowski@gmail.com", "FirstName"=>"Matt", "State"=>"IL", "Groups"=>"104,116,135", "PostalCode"=>"60004", "LastName"=>"Twardowski", "City"=>"ARLINGTON HEIGHTS", "StreetAddress1"=>"1718 N MITCHELL AVE"}
I, [2018-04-04T21:29:44.481317 #21284]  INFO -- : CALL: ContactService.findByEmail api_url: gv373.infusionsoft.com api_key:94c11c8a7a198e08f6ba3b58bf5d592a at:2018-04-04 21:29:44 -0500 args:["mttwardowski@gmail.com", [:ID, :Password]]
I, [2018-04-04T21:29:44.889713 #21284]  INFO -- : RESULT: [{"ID"=>465, "Password"=>"matt1997"}]
I, [2018-04-04T21:29:44.980506 #21284]  INFO -- : CALL: DataService.load api_url: gv373.infusionsoft.com api_key:94c11c8a7a198e08f6ba3b58bf5d592a at:2018-04-04 21:29:44 -0500 args:["Contact", 465, [:FirstName, :LastName, :Email, :Website, :StreetAddress1, :City, :State, :PostalCode, :Groups]]
I, [2018-04-04T21:29:45.304923 #21284]  INFO -- : RESULT: {"Email"=>"mttwardowski@gmail.com", "FirstName"=>"Matt", "State"=>"IL", "Groups"=>"104,116,135", "PostalCode"=>"60004", "LastName"=>"Twardowski", "City"=>"ARLINGTON HEIGHTS", "StreetAddress1"=>"1718 N MITCHELL AVE"}
I, [2018-04-04T21:29:48.677490 #21284]  INFO -- : CALL: DataService.load api_url: gv373.infusionsoft.com api_key:94c11c8a7a198e08f6ba3b58bf5d592a at:2018-04-04 21:29:48 -0500 args:["Contact", 465, [:FirstName, :LastName, :Email, :Website, :StreetAddress1, :City, :State, :PostalCode, :Groups]]
I, [2018-04-04T21:29:48.894325 #21284]  INFO -- : RESULT: {"Email"=>"mttwardowski@gmail.com", "FirstName"=>"Matt", "State"=>"IL", "Groups"=>"104,116,135", "PostalCode"=>"60004", "LastName"=>"Twardowski", "City"=>"ARLINGTON HEIGHTS", "StreetAddress1"=>"1718 N MITCHELL AVE"}
I, [2018-04-04T21:29:52.768912 #21284]  INFO -- : CALL: DataService.load api_url: gv373.infusionsoft.com api_key:94c11c8a7a198e08f6ba3b58bf5d592a at:2018-04-04 21:29:52 -0500 args:["Contact", 465, [:FirstName, :LastName, :Email, :Website, :StreetAddress1, :City, :State, :PostalCode, :Groups]]
I, [2018-04-04T21:29:53.199017 #21284]  INFO -- : RESULT: {"Email"=>"mttwardowski@gmail.com", "FirstName"=>"Matt", "State"=>"IL", "Groups"=>"104,116,135", "PostalCode"=>"60004", "LastName"=>"Twardowski", "City"=>"ARLINGTON HEIGHTS", "StreetAddress1"=>"1718 N MITCHELL AVE"}
I, [2018-04-04T21:29:53.227331 #21284]  INFO -- : CALL: DataService.load api_url: gv373.infusionsoft.com api_key:94c11c8a7a198e08f6ba3b58bf5d592a at:2018-04-04 21:29:53 -0500 args:["Contact", 465, [:FirstName, :LastName, :Email, :Website, :StreetAddress1, :City, :State, :PostalCode, :Groups]]
I, [2018-04-04T21:29:53.527617 #21284]  INFO -- : RESULT: {"Email"=>"mttwardowski@gmail.com", "FirstName"=>"Matt", "State"=>"IL", "Groups"=>"104,116,135", "PostalCode"=>"60004", "LastName"=>"Twardowski", "City"=>"ARLINGTON HEIGHTS", "StreetAddress1"=>"1718 N MITCHELL AVE"}
I, [2018-04-04T21:29:54.805417 #21284]  INFO -- : CALL: DataService.load api_url: gv373.infusionsoft.com api_key:94c11c8a7a198e08f6ba3b58bf5d592a at:2018-04-04 21:29:54 -0500 args:["Contact", 465, [:FirstName, :LastName, :Email, :Website, :StreetAddress1, :City, :State, :PostalCode, :Groups]]
I, [2018-04-04T21:29:54.956565 #21284]  INFO -- : RESULT: {"Email"=>"mttwardowski@gmail.com", "FirstName"=>"Matt", "State"=>"IL", "Groups"=>"104,116,135", "PostalCode"=>"60004", "LastName"=>"Twardowski", "City"=>"ARLINGTON HEIGHTS", "StreetAddress1"=>"1718 N MITCHELL AVE"}
I, [2018-04-04T21:29:55.248318 #21284]  INFO -- : CALL: DataService.load api_url: gv373.infusionsoft.com api_key:94c11c8a7a198e08f6ba3b58bf5d592a at:2018-04-04 21:29:55 -0500 args:["Contact", 465, [:FirstName, :LastName, :Email, :Website, :StreetAddress1, :City, :State, :PostalCode, :Groups]]
I, [2018-04-04T21:29:55.399860 #21284]  INFO -- : RESULT: {"Email"=>"mttwardowski@gmail.com", "FirstName"=>"Matt", "State"=>"IL", "Groups"=>"104,116,135", "PostalCode"=>"60004", "LastName"=>"Twardowski", "City"=>"ARLINGTON HEIGHTS", "StreetAddress1"=>"1718 N MITCHELL AVE"}
I, [2018-04-04T21:29:55.423134 #21284]  INFO -- : CALL: DataService.load api_url: gv373.infusionsoft.com api_key:94c11c8a7a198e08f6ba3b58bf5d592a at:2018-04-04 21:29:55 -0500 args:["Contact", 465, [:FirstName, :LastName, :Email, :Website, :StreetAddress1, :City, :State, :PostalCode, :Groups]]
I, [2018-04-04T21:29:55.616625 #21284]  INFO -- : RESULT: {"Email"=>"mttwardowski@gmail.com", "FirstName"=>"Matt", "State"=>"IL", "Groups"=>"104,116,135", "PostalCode"=>"60004", "LastName"=>"Twardowski", "City"=>"ARLINGTON HEIGHTS", "StreetAddress1"=>"1718 N MITCHELL AVE"}
I, [2018-04-04T21:30:43.550768 #21284]  INFO -- : CALL: DataService.load api_url: gv373.infusionsoft.com api_key:94c11c8a7a198e08f6ba3b58bf5d592a at:2018-04-04 21:30:43 -0500 args:["Contact", 465, [:FirstName, :LastName, :Email, :Website, :StreetAddress1, :City, :State, :PostalCode, :Groups]]
I, [2018-04-04T21:30:43.839990 #21284]  INFO -- : RESULT: {"Email"=>"mttwardowski@gmail.com", "FirstName"=>"Matt", "State"=>"IL", "Groups"=>"104,116,135", "PostalCode"=>"60004", "LastName"=>"Twardowski", "City"=>"ARLINGTON HEIGHTS", "StreetAddress1"=>"1718 N MITCHELL AVE"}
I, [2018-04-04T21:31:14.124586 #21283]  INFO -- : CALL: DataService.load api_url: gv373.infusionsoft.com api_key:94c11c8a7a198e08f6ba3b58bf5d592a at:2018-04-04 21:31:14 -0500 args:["Contact", 465, [:FirstName, :LastName, :Email, :Website, :StreetAddress1, :City, :State, :PostalCode, :Groups]]
I, [2018-04-04T21:31:14.444866 #21283]  INFO -- : RESULT: {"Email"=>"mttwardowski@gmail.com", "FirstName"=>"Matt", "State"=>"IL", "Groups"=>"104,116,135", "PostalCode"=>"60004", "LastName"=>"Twardowski", "City"=>"ARLINGTON HEIGHTS", "StreetAddress1"=>"1718 N MITCHELL AVE"}
I, [2018-04-04T21:35:44.070459 #21284]  INFO -- : CALL: DataService.load api_url: gv373.infusionsoft.com api_key:94c11c8a7a198e08f6ba3b58bf5d592a at:2018-04-04 21:35:44 -0500 args:["Contact", 465, [:FirstName, :LastName, :Email, :Website, :StreetAddress1, :City, :State, :PostalCode, :Groups]]
I, [2018-04-04T21:35:44.236189 #21284]  INFO -- : RESULT: {"Email"=>"mttwardowski@gmail.com", "FirstName"=>"Matt", "State"=>"IL", "Groups"=>"104,116,135", "PostalCode"=>"60004", "LastName"=>"Twardowski", "City"=>"ARLINGTON HEIGHTS", "StreetAddress1"=>"1718 N MITCHELL AVE"}
I, [2018-04-04T21:36:05.835767 #21284]  INFO -- : CALL: DataService.load api_url: gv373.infusionsoft.com api_key:94c11c8a7a198e08f6ba3b58bf5d592a at:2018-04-04 21:36:05 -0500 args:["Contact", 465, [:FirstName, :LastName, :Email, :Website, :StreetAddress1, :City, :State, :PostalCode, :Groups]]
I, [2018-04-04T21:36:06.147539 #21284]  INFO -- : RESULT: {"Email"=>"mttwardowski@gmail.com", "FirstName"=>"Matt", "State"=>"IL", "Groups"=>"104,116,135", "PostalCode"=>"60004", "LastName"=>"Twardowski", "City"=>"ARLINGTON HEIGHTS", "StreetAddress1"=>"1718 N MITCHELL AVE"}
I, [2018-04-04T21:36:20.702758 #21283]  INFO -- : CALL: DataService.load api_url: gv373.infusionsoft.com api_key:94c11c8a7a198e08f6ba3b58bf5d592a at:2018-04-04 21:36:20 -0500 args:["Contact", 465, [:FirstName, :LastName, :Email, :Website, :StreetAddress1, :City, :State, :PostalCode, :Groups]]
I, [2018-04-04T21:36:21.020661 #21283]  INFO -- : RESULT: {"Email"=>"mttwardowski@gmail.com", "FirstName"=>"Matt", "State"=>"IL", "Groups"=>"104,116,135", "PostalCode"=>"60004", "LastName"=>"Twardowski", "City"=>"ARLINGTON HEIGHTS", "StreetAddress1"=>"1718 N MITCHELL AVE"}
I, [2018-04-04T21:36:21.047057 #21283]  INFO -- : CALL: DataService.load api_url: gv373.infusionsoft.com api_key:94c11c8a7a198e08f6ba3b58bf5d592a at:2018-04-04 21:36:21 -0500 args:["Contact", 465, [:FirstName, :LastName, :Email, :Website, :StreetAddress1, :City, :State, :PostalCode, :Groups]]
I, [2018-04-04T21:36:21.217096 #21283]  INFO -- : RESULT: {"Email"=>"mttwardowski@gmail.com", "FirstName"=>"Matt", "State"=>"IL", "Groups"=>"104,116,135", "PostalCode"=>"60004", "LastName"=>"Twardowski", "City"=>"ARLINGTON HEIGHTS", "StreetAddress1"=>"1718 N MITCHELL AVE"}
I, [2018-04-04T21:36:46.849370 #21283]  INFO -- : CALL: DataService.load api_url: gv373.infusionsoft.com api_key:94c11c8a7a198e08f6ba3b58bf5d592a at:2018-04-04 21:36:46 -0500 args:["Contact", 465, [:FirstName, :LastName, :Email, :Website, :StreetAddress1, :City, :State, :PostalCode, :Groups]]
I, [2018-04-04T21:36:47.168064 #21283]  INFO -- : RESULT: {"Email"=>"mttwardowski@gmail.com", "FirstName"=>"Matt", "State"=>"IL", "Groups"=>"104,116,135", "PostalCode"=>"60004", "LastName"=>"Twardowski", "City"=>"ARLINGTON HEIGHTS", "StreetAddress1"=>"1718 N MITCHELL AVE"}
I, [2018-04-04T21:37:13.908443 #21283]  INFO -- : CALL: DataService.load api_url: gv373.infusionsoft.com api_key:94c11c8a7a198e08f6ba3b58bf5d592a at:2018-04-04 21:37:13 -0500 args:["Contact", 465, [:FirstName, :LastName, :Email, :Website, :StreetAddress1, :City, :State, :PostalCode, :Groups]]
I, [2018-04-04T21:37:14.302645 #21283]  INFO -- : RESULT: {"Email"=>"mttwardowski@gmail.com", "FirstName"=>"Matt", "State"=>"IL", "Groups"=>"104,116,135", "PostalCode"=>"60004", "LastName"=>"Twardowski", "City"=>"ARLINGTON HEIGHTS", "StreetAddress1"=>"1718 N MITCHELL AVE"}
I, [2018-04-04T21:37:20.651467 #21283]  INFO -- : CALL: DataService.load api_url: gv373.infusionsoft.com api_key:94c11c8a7a198e08f6ba3b58bf5d592a at:2018-04-04 21:37:20 -0500 args:["Contact", 465, [:FirstName, :LastName, :Email, :Website, :StreetAddress1, :City, :State, :PostalCode, :Groups]]
I, [2018-04-04T21:37:20.943959 #21283]  INFO -- : RESULT: {"Email"=>"mttwardowski@gmail.com", "FirstName"=>"Matt", "State"=>"IL", "Groups"=>"104,116,135", "PostalCode"=>"60004", "LastName"=>"Twardowski", "City"=>"ARLINGTON HEIGHTS", "StreetAddress1"=>"1718 N MITCHELL AVE"}
I, [2018-04-04T21:37:21.189910 #21283]  INFO -- : CALL: DataService.load api_url: gv373.infusionsoft.com api_key:94c11c8a7a198e08f6ba3b58bf5d592a at:2018-04-04 21:37:21 -0500 args:["Contact", 465, [:FirstName, :LastName, :Email, :Website, :StreetAddress1, :City, :State, :PostalCode, :Groups]]
I, [2018-04-04T21:37:21.505868 #21283]  INFO -- : RESULT: {"Email"=>"mttwardowski@gmail.com", "FirstName"=>"Matt", "State"=>"IL", "Groups"=>"104,116,135", "PostalCode"=>"60004", "LastName"=>"Twardowski", "City"=>"ARLINGTON HEIGHTS", "StreetAddress1"=>"1718 N MITCHELL AVE"}
I, [2018-04-04T21:37:21.533209 #21283]  INFO -- : CALL: DataService.load api_url: gv373.infusionsoft.com api_key:94c11c8a7a198e08f6ba3b58bf5d592a at:2018-04-04 21:37:21 -0500 args:["Contact", 465, [:FirstName, :LastName, :Email, :Website, :StreetAddress1, :City, :State, :PostalCode, :Groups]]
I, [2018-04-04T21:37:21.694130 #21283]  INFO -- : RESULT: {"Email"=>"mttwardowski@gmail.com", "FirstName"=>"Matt", "State"=>"IL", "Groups"=>"104,116,135", "PostalCode"=>"60004", "LastName"=>"Twardowski", "City"=>"ARLINGTON HEIGHTS", "StreetAddress1"=>"1718 N MITCHELL AVE"}
I, [2018-04-04T21:37:56.186577 #21283]  INFO -- : CALL: DataService.load api_url: gv373.infusionsoft.com api_key:94c11c8a7a198e08f6ba3b58bf5d592a at:2018-04-04 21:37:56 -0500 args:["Contact", 465, [:FirstName, :LastName, :Email, :Website, :StreetAddress1, :City, :State, :PostalCode, :Groups]]
I, [2018-04-04T21:37:56.485555 #21283]  INFO -- : RESULT: {"Email"=>"mttwardowski@gmail.com", "FirstName"=>"Matt", "State"=>"IL", "Groups"=>"104,116,135", "PostalCode"=>"60004", "LastName"=>"Twardowski", "City"=>"ARLINGTON HEIGHTS", "StreetAddress1"=>"1718 N MITCHELL AVE"}
I, [2018-04-04T21:37:56.729943 #21283]  INFO -- : CALL: DataService.load api_url: gv373.infusionsoft.com api_key:94c11c8a7a198e08f6ba3b58bf5d592a at:2018-04-04 21:37:56 -0500 args:["Contact", 465, [:FirstName, :LastName, :Email, :Website, :StreetAddress1, :City, :State, :PostalCode, :Groups]]
I, [2018-04-04T21:37:56.893674 #21283]  INFO -- : RESULT: {"Email"=>"mttwardowski@gmail.com", "FirstName"=>"Matt", "State"=>"IL", "Groups"=>"104,116,135", "PostalCode"=>"60004", "LastName"=>"Twardowski", "City"=>"ARLINGTON HEIGHTS", "StreetAddress1"=>"1718 N MITCHELL AVE"}
I, [2018-04-04T21:37:56.919320 #21283]  INFO -- : CALL: DataService.load api_url: gv373.infusionsoft.com api_key:94c11c8a7a198e08f6ba3b58bf5d592a at:2018-04-04 21:37:56 -0500 args:["Contact", 465, [:FirstName, :LastName, :Email, :Website, :StreetAddress1, :City, :State, :PostalCode, :Groups]]
I, [2018-04-04T21:37:57.102322 #21283]  INFO -- : RESULT: {"Email"=>"mttwardowski@gmail.com", "FirstName"=>"Matt", "State"=>"IL", "Groups"=>"104,116,135", "PostalCode"=>"60004", "LastName"=>"Twardowski", "City"=>"ARLINGTON HEIGHTS", "StreetAddress1"=>"1718 N MITCHELL AVE"}
I, [2018-04-04T21:39:22.868680 #21284]  INFO -- : CALL: DataService.load api_url: gv373.infusionsoft.com api_key:94c11c8a7a198e08f6ba3b58bf5d592a at:2018-04-04 21:39:22 -0500 args:["Contact", 465, [:FirstName, :LastName, :Email, :Website, :StreetAddress1, :City, :State, :PostalCode, :Groups]]
I, [2018-04-04T21:39:23.632926 #21284]  INFO -- : RESULT: {"Email"=>"mttwardowski@gmail.com", "FirstName"=>"Matt", "State"=>"IL", "Groups"=>"104,116,135", "PostalCode"=>"60004", "LastName"=>"Twardowski", "City"=>"ARLINGTON HEIGHTS", "StreetAddress1"=>"1718 N MITCHELL AVE"}
I, [2018-04-04T21:39:47.878731 #21284]  INFO -- : CALL: DataService.load api_url: gv373.infusionsoft.com api_key:94c11c8a7a198e08f6ba3b58bf5d592a at:2018-04-04 21:39:47 -0500 args:["Contact", 465, [:FirstName, :LastName, :Email, :Website, :StreetAddress1, :City, :State, :PostalCode, :Groups]]
I, [2018-04-04T21:39:48.224350 #21284]  INFO -- : RESULT: {"Email"=>"mttwardowski@gmail.com", "FirstName"=>"Matt", "State"=>"IL", "Groups"=>"104,116,135", "PostalCode"=>"60004", "LastName"=>"Twardowski", "City"=>"ARLINGTON HEIGHTS", "StreetAddress1"=>"1718 N MITCHELL AVE"}
I, [2018-04-04T21:40:49.594617 #21284]  INFO -- : CALL: DataService.load api_url: gv373.infusionsoft.com api_key:94c11c8a7a198e08f6ba3b58bf5d592a at:2018-04-04 21:40:49 -0500 args:["Contact", 465, [:FirstName, :LastName, :Email, :Website, :StreetAddress1, :City, :State, :PostalCode, :Groups]]
I, [2018-04-04T21:40:49.881636 #21284]  INFO -- : RESULT: {"Email"=>"mttwardowski@gmail.com", "FirstName"=>"Matt", "State"=>"IL", "Groups"=>"104,116,135", "PostalCode"=>"60004", "LastName"=>"Twardowski", "City"=>"ARLINGTON HEIGHTS", "StreetAddress1"=>"1718 N MITCHELL AVE"}
I, [2018-04-04T21:40:49.906875 #21284]  INFO -- : CALL: DataService.load api_url: gv373.infusionsoft.com api_key:94c11c8a7a198e08f6ba3b58bf5d592a at:2018-04-04 21:40:49 -0500 args:["Contact", 465, [:FirstName, :LastName, :Email, :Website, :StreetAddress1, :City, :State, :PostalCode, :Groups]]
I, [2018-04-04T21:40:50.075839 #21284]  INFO -- : RESULT: {"Email"=>"mttwardowski@gmail.com", "FirstName"=>"Matt", "State"=>"IL", "Groups"=>"104,116,135", "PostalCode"=>"60004", "LastName"=>"Twardowski", "City"=>"ARLINGTON HEIGHTS", "StreetAddress1"=>"1718 N MITCHELL AVE"}
I, [2018-04-04T21:41:17.371374 #21284]  INFO -- : CALL: DataService.load api_url: gv373.infusionsoft.com api_key:94c11c8a7a198e08f6ba3b58bf5d592a at:2018-04-04 21:41:17 -0500 args:["Contact", 465, [:FirstName, :LastName, :Email, :Website, :StreetAddress1, :City, :State, :PostalCode, :Groups]]
I, [2018-04-04T21:41:17.666351 #21284]  INFO -- : RESULT: {"Email"=>"mttwardowski@gmail.com", "FirstName"=>"Matt", "State"=>"IL", "Groups"=>"104,116,135", "PostalCode"=>"60004", "LastName"=>"Twardowski", "City"=>"ARLINGTON HEIGHTS", "StreetAddress1"=>"1718 N MITCHELL AVE"}
I, [2018-04-04T21:41:17.966653 #21284]  INFO -- : CALL: DataService.load api_url: gv373.infusionsoft.com api_key:94c11c8a7a198e08f6ba3b58bf5d592a at:2018-04-04 21:41:17 -0500 args:["Contact", 465, [:FirstName, :LastName, :Email, :Website, :StreetAddress1, :City, :State, :PostalCode, :Groups]]
I, [2018-04-04T21:41:18.126027 #21284]  INFO -- : RESULT: {"Email"=>"mttwardowski@gmail.com", "FirstName"=>"Matt", "State"=>"IL", "Groups"=>"104,116,135", "PostalCode"=>"60004", "LastName"=>"Twardowski", "City"=>"ARLINGTON HEIGHTS", "StreetAddress1"=>"1718 N MITCHELL AVE"}
I, [2018-04-04T21:41:18.152759 #21284]  INFO -- : CALL: DataService.load api_url: gv373.infusionsoft.com api_key:94c11c8a7a198e08f6ba3b58bf5d592a at:2018-04-04 21:41:18 -0500 args:["Contact", 465, [:FirstName, :LastName, :Email, :Website, :StreetAddress1, :City, :State, :PostalCode, :Groups]]
I, [2018-04-04T21:41:18.313759 #21284]  INFO -- : RESULT: {"Email"=>"mttwardowski@gmail.com", "FirstName"=>"Matt", "State"=>"IL", "Groups"=>"104,116,135", "PostalCode"=>"60004", "LastName"=>"Twardowski", "City"=>"ARLINGTON HEIGHTS", "StreetAddress1"=>"1718 N MITCHELL AVE"}
I, [2018-04-04T21:41:27.145906 #21283]  INFO -- : CALL: DataService.load api_url: gv373.infusionsoft.com api_key:94c11c8a7a198e08f6ba3b58bf5d592a at:2018-04-04 21:41:27 -0500 args:["Contact", 465, [:FirstName, :LastName, :Email, :Website, :StreetAddress1, :City, :State, :PostalCode, :Groups]]
I, [2018-04-04T21:41:27.297610 #21283]  INFO -- : RESULT: {"Email"=>"mttwardowski@gmail.com", "FirstName"=>"Matt", "State"=>"IL", "Groups"=>"104,116,135", "PostalCode"=>"60004", "LastName"=>"Twardowski", "City"=>"ARLINGTON HEIGHTS", "StreetAddress1"=>"1718 N MITCHELL AVE"}
I, [2018-04-04T21:41:49.658933 #21283]  INFO -- : CALL: DataService.load api_url: gv373.infusionsoft.com api_key:94c11c8a7a198e08f6ba3b58bf5d592a at:2018-04-04 21:41:49 -0500 args:["Contact", 465, [:FirstName, :LastName, :Email, :Website, :StreetAddress1, :City, :State, :PostalCode, :Groups]]
I, [2018-04-04T21:41:49.814232 #21283]  INFO -- : RESULT: {"Email"=>"mttwardowski@gmail.com", "FirstName"=>"Matt", "State"=>"IL", "Groups"=>"104,116,135", "PostalCode"=>"60004", "LastName"=>"Twardowski", "City"=>"ARLINGTON HEIGHTS", "StreetAddress1"=>"1718 N MITCHELL AVE"}
I, [2018-04-04T21:41:59.796788 #21284]  INFO -- : CALL: DataService.load api_url: gv373.infusionsoft.com api_key:94c11c8a7a198e08f6ba3b58bf5d592a at:2018-04-04 21:41:59 -0500 args:["Contact", 465, [:FirstName, :LastName, :Email, :Website, :StreetAddress1, :City, :State, :PostalCode, :Groups]]
I, [2018-04-04T21:42:00.097778 #21284]  INFO -- : RESULT: {"Email"=>"mttwardowski@gmail.com", "FirstName"=>"Matt", "State"=>"IL", "Groups"=>"104,116,135", "PostalCode"=>"60004", "LastName"=>"Twardowski", "City"=>"ARLINGTON HEIGHTS", "StreetAddress1"=>"1718 N MITCHELL AVE"}
I, [2018-04-04T21:42:00.337447 #21284]  INFO -- : CALL: DataService.load api_url: gv373.infusionsoft.com api_key:94c11c8a7a198e08f6ba3b58bf5d592a at:2018-04-04 21:42:00 -0500 args:["Contact", 465, [:FirstName, :LastName, :Email, :Website, :StreetAddress1, :City, :State, :PostalCode, :Groups]]
I, [2018-04-04T21:42:00.491978 #21284]  INFO -- : RESULT: {"Email"=>"mttwardowski@gmail.com", "FirstName"=>"Matt", "State"=>"IL", "Groups"=>"104,116,135", "PostalCode"=>"60004", "LastName"=>"Twardowski", "City"=>"ARLINGTON HEIGHTS", "StreetAddress1"=>"1718 N MITCHELL AVE"}
I, [2018-04-04T21:42:00.517640 #21284]  INFO -- : CALL: DataService.load api_url: gv373.infusionsoft.com api_key:94c11c8a7a198e08f6ba3b58bf5d592a at:2018-04-04 21:42:00 -0500 args:["Contact", 465, [:FirstName, :LastName, :Email, :Website, :StreetAddress1, :City, :State, :PostalCode, :Groups]]
I, [2018-04-04T21:42:01.025173 #21284]  INFO -- : RESULT: {"Email"=>"mttwardowski@gmail.com", "FirstName"=>"Matt", "State"=>"IL", "Groups"=>"104,116,135", "PostalCode"=>"60004", "LastName"=>"Twardowski", "City"=>"ARLINGTON HEIGHTS", "StreetAddress1"=>"1718 N MITCHELL AVE"}
I, [2018-04-04T21:47:22.144385 #21283]  INFO -- : CALL: DataService.load api_url: gv373.infusionsoft.com api_key:94c11c8a7a198e08f6ba3b58bf5d592a at:2018-04-04 21:47:22 -0500 args:["Contact", 465, [:FirstName, :LastName, :Email, :Website, :StreetAddress1, :City, :State, :PostalCode, :Groups]]
I, [2018-04-04T21:47:22.640046 #21283]  INFO -- : RESULT: {"Email"=>"mttwardowski@gmail.com", "FirstName"=>"Matt", "State"=>"IL", "Groups"=>"104,116,135", "PostalCode"=>"60004", "LastName"=>"Twardowski", "City"=>"ARLINGTON HEIGHTS", "StreetAddress1"=>"1718 N MITCHELL AVE"}
I, [2018-04-04T21:47:22.883766 #21283]  INFO -- : CALL: DataService.load api_url: gv373.infusionsoft.com api_key:94c11c8a7a198e08f6ba3b58bf5d592a at:2018-04-04 21:47:22 -0500 args:["Contact", 465, [:FirstName, :LastName, :Email, :Website, :StreetAddress1, :City, :State, :PostalCode, :Groups]]
I, [2018-04-04T21:47:23.241795 #21283]  INFO -- : RESULT: {"Email"=>"mttwardowski@gmail.com", "FirstName"=>"Matt", "State"=>"IL", "Groups"=>"104,116,135", "PostalCode"=>"60004", "LastName"=>"Twardowski", "City"=>"ARLINGTON HEIGHTS", "StreetAddress1"=>"1718 N MITCHELL AVE"}
I, [2018-04-04T21:47:23.268067 #21283]  INFO -- : CALL: DataService.load api_url: gv373.infusionsoft.com api_key:94c11c8a7a198e08f6ba3b58bf5d592a at:2018-04-04 21:47:23 -0500 args:["Contact", 465, [:FirstName, :LastName, :Email, :Website, :StreetAddress1, :City, :State, :PostalCode, :Groups]]
I, [2018-04-04T21:47:23.487191 #21283]  INFO -- : RESULT: {"Email"=>"mttwardowski@gmail.com", "FirstName"=>"Matt", "State"=>"IL", "Groups"=>"104,116,135", "PostalCode"=>"60004", "LastName"=>"Twardowski", "City"=>"ARLINGTON HEIGHTS", "StreetAddress1"=>"1718 N MITCHELL AVE"}
I, [2018-04-04T21:47:37.708189 #21283]  INFO -- : CALL: DataService.load api_url: gv373.infusionsoft.com api_key:94c11c8a7a198e08f6ba3b58bf5d592a at:2018-04-04 21:47:37 -0500 args:["Contact", 465, [:FirstName, :LastName, :Email, :Website, :StreetAddress1, :City, :State, :PostalCode, :Groups]]
I, [2018-04-04T21:47:37.927457 #21283]  INFO -- : RESULT: {"Email"=>"mttwardowski@gmail.com", "FirstName"=>"Matt", "State"=>"IL", "Groups"=>"104,116,135", "PostalCode"=>"60004", "LastName"=>"Twardowski", "City"=>"ARLINGTON HEIGHTS", "StreetAddress1"=>"1718 N MITCHELL AVE"}
I, [2018-04-04T21:47:59.951282 #21284]  INFO -- : CALL: DataService.load api_url: gv373.infusionsoft.com api_key:94c11c8a7a198e08f6ba3b58bf5d592a at:2018-04-04 21:47:59 -0500 args:["Contact", 465, [:FirstName, :LastName, :Email, :Website, :StreetAddress1, :City, :State, :PostalCode, :Groups]]
I, [2018-04-04T21:48:00.245124 #21284]  INFO -- : RESULT: {"Email"=>"mttwardowski@gmail.com", "FirstName"=>"Matt", "State"=>"IL", "Groups"=>"104,116,135", "PostalCode"=>"60004", "LastName"=>"Twardowski", "City"=>"ARLINGTON HEIGHTS", "StreetAddress1"=>"1718 N MITCHELL AVE"}
I, [2018-04-04T21:48:07.733600 #21283]  INFO -- : CALL: DataService.load api_url: gv373.infusionsoft.com api_key:94c11c8a7a198e08f6ba3b58bf5d592a at:2018-04-04 21:48:07 -0500 args:["Contact", 465, [:FirstName, :LastName, :Email, :Website, :StreetAddress1, :City, :State, :PostalCode, :Groups]]
I, [2018-04-04T21:48:08.024250 #21283]  INFO -- : RESULT: {"Email"=>"mttwardowski@gmail.com", "FirstName"=>"Matt", "State"=>"IL", "Groups"=>"104,116,135", "PostalCode"=>"60004", "LastName"=>"Twardowski", "City"=>"ARLINGTON HEIGHTS", "StreetAddress1"=>"1718 N MITCHELL AVE"}
I, [2018-04-04T21:48:08.269290 #21283]  INFO -- : CALL: DataService.load api_url: gv373.infusionsoft.com api_key:94c11c8a7a198e08f6ba3b58bf5d592a at:2018-04-04 21:48:08 -0500 args:["Contact", 465, [:FirstName, :LastName, :Email, :Website, :StreetAddress1, :City, :State, :PostalCode, :Groups]]
I, [2018-04-04T21:48:08.573885 #21283]  INFO -- : RESULT: {"Email"=>"mttwardowski@gmail.com", "FirstName"=>"Matt", "State"=>"IL", "Groups"=>"104,116,135", "PostalCode"=>"60004", "LastName"=>"Twardowski", "City"=>"ARLINGTON HEIGHTS", "StreetAddress1"=>"1718 N MITCHELL AVE"}
I, [2018-04-04T21:48:08.600208 #21283]  INFO -- : CALL: DataService.load api_url: gv373.infusionsoft.com api_key:94c11c8a7a198e08f6ba3b58bf5d592a at:2018-04-04 21:48:08 -0500 args:["Contact", 465, [:FirstName, :LastName, :Email, :Website, :StreetAddress1, :City, :State, :PostalCode, :Groups]]
I, [2018-04-04T21:48:08.978145 #21283]  INFO -- : RESULT: {"Email"=>"mttwardowski@gmail.com", "FirstName"=>"Matt", "State"=>"IL", "Groups"=>"104,116,135", "PostalCode"=>"60004", "LastName"=>"Twardowski", "City"=>"ARLINGTON HEIGHTS", "StreetAddress1"=>"1718 N MITCHELL AVE"}
I, [2018-04-04T21:48:49.938231 #21283]  INFO -- : CALL: DataService.load api_url: gv373.infusionsoft.com api_key:94c11c8a7a198e08f6ba3b58bf5d592a at:2018-04-04 21:48:49 -0500 args:["Contact", 465, [:FirstName, :LastName, :Email, :Website, :StreetAddress1, :City, :State, :PostalCode, :Groups]]
I, [2018-04-04T21:48:50.234797 #21283]  INFO -- : RESULT: {"Email"=>"mttwardowski@gmail.com", "FirstName"=>"Matt", "State"=>"IL", "Groups"=>"104,116,135", "PostalCode"=>"60004", "LastName"=>"Twardowski", "City"=>"ARLINGTON HEIGHTS", "StreetAddress1"=>"1718 N MITCHELL AVE"}
I, [2018-04-04T21:48:50.262776 #21283]  INFO -- : CALL: DataService.load api_url: gv373.infusionsoft.com api_key:94c11c8a7a198e08f6ba3b58bf5d592a at:2018-04-04 21:48:50 -0500 args:["Contact", 465, [:FirstName, :LastName, :Email, :Website, :StreetAddress1, :City, :State, :PostalCode, :Groups]]
I, [2018-04-04T21:48:50.418198 #21283]  INFO -- : RESULT: {"Email"=>"mttwardowski@gmail.com", "FirstName"=>"Matt", "State"=>"IL", "Groups"=>"104,116,135", "PostalCode"=>"60004", "LastName"=>"Twardowski", "City"=>"ARLINGTON HEIGHTS", "StreetAddress1"=>"1718 N MITCHELL AVE"}
I, [2018-04-04T21:49:57.370058 #21284]  INFO -- : CALL: DataService.load api_url: gv373.infusionsoft.com api_key:94c11c8a7a198e08f6ba3b58bf5d592a at:2018-04-04 21:49:57 -0500 args:["Contact", 465, [:FirstName, :LastName, :Email, :Website, :StreetAddress1, :City, :State, :PostalCode, :Groups]]
I, [2018-04-04T21:49:57.683899 #21284]  INFO -- : RESULT: {"Email"=>"mttwardowski@gmail.com", "FirstName"=>"Matt", "State"=>"IL", "Groups"=>"104,116,135", "PostalCode"=>"60004", "LastName"=>"Twardowski", "City"=>"ARLINGTON HEIGHTS", "StreetAddress1"=>"1718 N MITCHELL AVE"}
I, [2018-04-04T21:50:12.959262 #21283]  INFO -- : CALL: DataService.load api_url: gv373.infusionsoft.com api_key:94c11c8a7a198e08f6ba3b58bf5d592a at:2018-04-04 21:50:12 -0500 args:["Contact", 465, [:FirstName, :LastName, :Email, :Website, :StreetAddress1, :City, :State, :PostalCode, :Groups]]
I, [2018-04-04T21:50:13.245656 #21283]  INFO -- : RESULT: {"Email"=>"mttwardowski@gmail.com", "FirstName"=>"Matt", "State"=>"IL", "Groups"=>"104,116,135", "PostalCode"=>"60004", "LastName"=>"Twardowski", "City"=>"ARLINGTON HEIGHTS", "StreetAddress1"=>"1718 N MITCHELL AVE"}
I, [2018-04-04T21:51:23.315308 #21284]  INFO -- : CALL: DataService.load api_url: gv373.infusionsoft.com api_key:94c11c8a7a198e08f6ba3b58bf5d592a at:2018-04-04 21:51:23 -0500 args:["Contact", 465, [:FirstName, :LastName, :Email, :Website, :StreetAddress1, :City, :State, :PostalCode, :Groups]]
I, [2018-04-04T21:51:23.474820 #21284]  INFO -- : RESULT: {"Email"=>"mttwardowski@gmail.com", "FirstName"=>"Matt", "State"=>"IL", "Groups"=>"104,116,135", "PostalCode"=>"60004", "LastName"=>"Twardowski", "City"=>"ARLINGTON HEIGHTS", "StreetAddress1"=>"1718 N MITCHELL AVE"}
I, [2018-04-04T21:51:42.407235 #21283]  INFO -- : CALL: DataService.load api_url: gv373.infusionsoft.com api_key:94c11c8a7a198e08f6ba3b58bf5d592a at:2018-04-04 21:51:42 -0500 args:["Contact", 465, [:FirstName, :LastName, :Email, :Website, :StreetAddress1, :City, :State, :PostalCode, :Groups]]
I, [2018-04-04T21:51:42.702483 #21283]  INFO -- : RESULT: {"Email"=>"mttwardowski@gmail.com", "FirstName"=>"Matt", "State"=>"IL", "Groups"=>"104,116,135", "PostalCode"=>"60004", "LastName"=>"Twardowski", "City"=>"ARLINGTON HEIGHTS", "StreetAddress1"=>"1718 N MITCHELL AVE"}
I, [2018-04-04T21:52:02.116313 #21284]  INFO -- : CALL: DataService.load api_url: gv373.infusionsoft.com api_key:94c11c8a7a198e08f6ba3b58bf5d592a at:2018-04-04 21:52:02 -0500 args:["Contact", 465, [:FirstName, :LastName, :Email, :Website, :StreetAddress1, :City, :State, :PostalCode, :Groups]]
I, [2018-04-04T21:52:02.474758 #21284]  INFO -- : RESULT: {"Email"=>"mttwardowski@gmail.com", "FirstName"=>"Matt", "State"=>"IL", "Groups"=>"104,116,135", "PostalCode"=>"60004", "LastName"=>"Twardowski", "City"=>"ARLINGTON HEIGHTS", "StreetAddress1"=>"1718 N MITCHELL AVE"}
I, [2018-04-04T21:52:14.405419 #21284]  INFO -- : CALL: DataService.load api_url: gv373.infusionsoft.com api_key:94c11c8a7a198e08f6ba3b58bf5d592a at:2018-04-04 21:52:14 -0500 args:["Contact", 465, [:FirstName, :LastName, :Email, :Website, :StreetAddress1, :City, :State, :PostalCode, :Groups]]
I, [2018-04-04T21:52:14.639508 #21284]  INFO -- : RESULT: {"Email"=>"mttwardowski@gmail.com", "FirstName"=>"Matt", "State"=>"IL", "Groups"=>"104,116,135", "PostalCode"=>"60004", "LastName"=>"Twardowski", "City"=>"ARLINGTON HEIGHTS", "StreetAddress1"=>"1718 N MITCHELL AVE"}
I, [2018-04-04T21:53:16.038443 #21283]  INFO -- : CALL: DataService.load api_url: gv373.infusionsoft.com api_key:94c11c8a7a198e08f6ba3b58bf5d592a at:2018-04-04 21:53:16 -0500 args:["Contact", 465, [:FirstName, :LastName, :Email, :Website, :StreetAddress1, :City, :State, :PostalCode, :Groups]]
I, [2018-04-04T21:53:16.365791 #21283]  INFO -- : RESULT: {"Email"=>"mttwardowski@gmail.com", "FirstName"=>"Matt", "State"=>"IL", "Groups"=>"104,116,135", "PostalCode"=>"60004", "LastName"=>"Twardowski", "City"=>"ARLINGTON HEIGHTS", "StreetAddress1"=>"1718 N MITCHELL AVE"}
I, [2018-04-04T21:57:17.916969 #21283]  INFO -- : CALL: DataService.load api_url: gv373.infusionsoft.com api_key:94c11c8a7a198e08f6ba3b58bf5d592a at:2018-04-04 21:57:17 -0500 args:["Contact", 465, [:FirstName, :LastName, :Email, :Website, :StreetAddress1, :City, :State, :PostalCode, :Groups]]
I, [2018-04-04T21:57:18.320467 #21283]  INFO -- : RESULT: {"Email"=>"mttwardowski@gmail.com", "FirstName"=>"Matt", "State"=>"IL", "Groups"=>"104,116,135", "PostalCode"=>"60004", "LastName"=>"Twardowski", "City"=>"ARLINGTON HEIGHTS", "StreetAddress1"=>"1718 N MITCHELL AVE"}
I, [2018-04-04T21:58:44.774812 #21284]  INFO -- : CALL: DataService.load api_url: gv373.infusionsoft.com api_key:94c11c8a7a198e08f6ba3b58bf5d592a at:2018-04-04 21:58:44 -0500 args:["Contact", 465, [:FirstName, :LastName, :Email, :Website, :StreetAddress1, :City, :State, :PostalCode, :Groups]]
I, [2018-04-04T21:58:44.952494 #21284]  INFO -- : RESULT: {"Email"=>"mttwardowski@gmail.com", "FirstName"=>"Matt", "State"=>"IL", "Groups"=>"104,116,135", "PostalCode"=>"60004", "LastName"=>"Twardowski", "City"=>"ARLINGTON HEIGHTS", "StreetAddress1"=>"1718 N MITCHELL AVE"}
I, [2018-04-04T21:58:54.618531 #21283]  INFO -- : CALL: DataService.load api_url: gv373.infusionsoft.com api_key:94c11c8a7a198e08f6ba3b58bf5d592a at:2018-04-04 21:58:54 -0500 args:["Contact", 465, [:FirstName, :LastName, :Email, :Website, :StreetAddress1, :City, :State, :PostalCode, :Groups]]
I, [2018-04-04T21:58:54.912315 #21283]  INFO -- : RESULT: {"Email"=>"mttwardowski@gmail.com", "FirstName"=>"Matt", "State"=>"IL", "Groups"=>"104,116,135", "PostalCode"=>"60004", "LastName"=>"Twardowski", "City"=>"ARLINGTON HEIGHTS", "StreetAddress1"=>"1718 N MITCHELL AVE"}
I, [2018-04-04T21:59:17.029855 #21284]  INFO -- : CALL: DataService.load api_url: gv373.infusionsoft.com api_key:94c11c8a7a198e08f6ba3b58bf5d592a at:2018-04-04 21:59:17 -0500 args:["Contact", 465, [:FirstName, :LastName, :Email, :Website, :StreetAddress1, :City, :State, :PostalCode, :Groups]]
I, [2018-04-04T21:59:17.235466 #21284]  INFO -- : RESULT: {"Email"=>"mttwardowski@gmail.com", "FirstName"=>"Matt", "State"=>"IL", "Groups"=>"104,116,135", "PostalCode"=>"60004", "LastName"=>"Twardowski", "City"=>"ARLINGTON HEIGHTS", "StreetAddress1"=>"1718 N MITCHELL AVE"}
I, [2018-04-04T21:59:39.997223 #21284]  INFO -- : CALL: DataService.load api_url: gv373.infusionsoft.com api_key:94c11c8a7a198e08f6ba3b58bf5d592a at:2018-04-04 21:59:39 -0500 args:["Contact", 465, [:FirstName, :LastName, :Email, :Website, :StreetAddress1, :City, :State, :PostalCode, :Groups]]
I, [2018-04-04T21:59:40.348127 #21284]  INFO -- : RESULT: {"Email"=>"mttwardowski@gmail.com", "FirstName"=>"Matt", "State"=>"IL", "Groups"=>"104,116,135", "PostalCode"=>"60004", "LastName"=>"Twardowski", "City"=>"ARLINGTON HEIGHTS", "StreetAddress1"=>"1718 N MITCHELL AVE"}
I, [2018-04-04T21:59:48.500863 #21284]  INFO -- : CALL: DataService.load api_url: gv373.infusionsoft.com api_key:94c11c8a7a198e08f6ba3b58bf5d592a at:2018-04-04 21:59:48 -0500 args:["Contact", 465, [:FirstName, :LastName, :Email, :Website, :StreetAddress1, :City, :State, :PostalCode, :Groups]]
I, [2018-04-04T21:59:48.662494 #21284]  INFO -- : RESULT: {"Email"=>"mttwardowski@gmail.com", "FirstName"=>"Matt", "State"=>"IL", "Groups"=>"104,116,135", "PostalCode"=>"60004", "LastName"=>"Twardowski", "City"=>"ARLINGTON HEIGHTS", "StreetAddress1"=>"1718 N MITCHELL AVE"}
I, [2018-04-04T22:00:40.293338 #21284]  INFO -- : CALL: DataService.load api_url: gv373.infusionsoft.com api_key:94c11c8a7a198e08f6ba3b58bf5d592a at:2018-04-04 22:00:40 -0500 args:["Contact", 465, [:FirstName, :LastName, :Email, :Website, :StreetAddress1, :City, :State, :PostalCode, :Groups]]
I, [2018-04-04T22:00:40.622517 #21284]  INFO -- : RESULT: {"Email"=>"mttwardowski@gmail.com", "FirstName"=>"Matt", "State"=>"IL", "Groups"=>"104,116,135", "PostalCode"=>"60004", "LastName"=>"Twardowski", "City"=>"ARLINGTON HEIGHTS", "StreetAddress1"=>"1718 N MITCHELL AVE"}
I, [2018-04-04T22:01:32.202565 #21283]  INFO -- : CALL: DataService.load api_url: gv373.infusionsoft.com api_key:94c11c8a7a198e08f6ba3b58bf5d592a at:2018-04-04 22:01:32 -0500 args:["Contact", 465, [:FirstName, :LastName, :Email, :Website, :StreetAddress1, :City, :State, :PostalCode, :Groups]]
I, [2018-04-04T22:01:32.508656 #21283]  INFO -- : RESULT: {"Email"=>"mttwardowski@gmail.com", "FirstName"=>"Matt", "State"=>"IL", "Groups"=>"104,116,135", "PostalCode"=>"60004", "LastName"=>"Twardowski", "City"=>"ARLINGTON HEIGHTS", "StreetAddress1"=>"1718 N MITCHELL AVE"}
I, [2018-04-04T22:03:08.401784 #21284]  INFO -- : CALL: DataService.load api_url: gv373.infusionsoft.com api_key:94c11c8a7a198e08f6ba3b58bf5d592a at:2018-04-04 22:03:08 -0500 args:["Contact", 465, [:FirstName, :LastName, :Email, :Website, :StreetAddress1, :City, :State, :PostalCode, :Groups]]
I, [2018-04-04T22:03:08.841172 #21284]  INFO -- : RESULT: {"Email"=>"mttwardowski@gmail.com", "FirstName"=>"Matt", "State"=>"IL", "Groups"=>"104,116,135", "PostalCode"=>"60004", "LastName"=>"Twardowski", "City"=>"ARLINGTON HEIGHTS", "StreetAddress1"=>"1718 N MITCHELL AVE"}
I, [2018-04-04T22:03:11.072731 #21284]  INFO -- : CALL: DataService.load api_url: gv373.infusionsoft.com api_key:94c11c8a7a198e08f6ba3b58bf5d592a at:2018-04-04 22:03:11 -0500 args:["Contact", 465, [:FirstName, :LastName, :Email, :Website, :StreetAddress1, :City, :State, :PostalCode, :Groups]]
I, [2018-04-04T22:03:11.376119 #21284]  INFO -- : RESULT: {"Email"=>"mttwardowski@gmail.com", "FirstName"=>"Matt", "State"=>"IL", "Groups"=>"104,116,135", "PostalCode"=>"60004", "LastName"=>"Twardowski", "City"=>"ARLINGTON HEIGHTS", "StreetAddress1"=>"1718 N MITCHELL AVE"}
I, [2018-04-04T22:03:13.975822 #21284]  INFO -- : CALL: DataService.load api_url: gv373.infusionsoft.com api_key:94c11c8a7a198e08f6ba3b58bf5d592a at:2018-04-04 22:03:13 -0500 args:["Contact", 465, [:FirstName, :LastName, :Email, :Website, :StreetAddress1, :City, :State, :PostalCode, :Groups]]
I, [2018-04-04T22:03:14.295485 #21284]  INFO -- : RESULT: {"Email"=>"mttwardowski@gmail.com", "FirstName"=>"Matt", "State"=>"IL", "Groups"=>"104,116,135", "PostalCode"=>"60004", "LastName"=>"Twardowski", "City"=>"ARLINGTON HEIGHTS", "StreetAddress1"=>"1718 N MITCHELL AVE"}
I, [2018-04-04T22:03:16.919367 #21284]  INFO -- : CALL: DataService.load api_url: gv373.infusionsoft.com api_key:94c11c8a7a198e08f6ba3b58bf5d592a at:2018-04-04 22:03:16 -0500 args:["Contact", 465, [:FirstName, :LastName, :Email, :Website, :StreetAddress1, :City, :State, :PostalCode, :Groups]]
I, [2018-04-04T22:03:17.226216 #21284]  INFO -- : RESULT: {"Email"=>"mttwardowski@gmail.com", "FirstName"=>"Matt", "State"=>"IL", "Groups"=>"104,116,135", "PostalCode"=>"60004", "LastName"=>"Twardowski", "City"=>"ARLINGTON HEIGHTS", "StreetAddress1"=>"1718 N MITCHELL AVE"}
I, [2018-04-04T22:03:19.352850 #21284]  INFO -- : CALL: DataService.load api_url: gv373.infusionsoft.com api_key:94c11c8a7a198e08f6ba3b58bf5d592a at:2018-04-04 22:03:19 -0500 args:["Contact", 465, [:FirstName, :LastName, :Email, :Website, :StreetAddress1, :City, :State, :PostalCode, :Groups]]
I, [2018-04-04T22:03:19.718881 #21284]  INFO -- : RESULT: {"Email"=>"mttwardowski@gmail.com", "FirstName"=>"Matt", "State"=>"IL", "Groups"=>"104,116,135", "PostalCode"=>"60004", "LastName"=>"Twardowski", "City"=>"ARLINGTON HEIGHTS", "StreetAddress1"=>"1718 N MITCHELL AVE"}
I, [2018-04-04T22:03:24.268090 #21284]  INFO -- : CALL: DataService.load api_url: gv373.infusionsoft.com api_key:94c11c8a7a198e08f6ba3b58bf5d592a at:2018-04-04 22:03:24 -0500 args:["Contact", 465, [:FirstName, :LastName, :Email, :Website, :StreetAddress1, :City, :State, :PostalCode, :Groups]]
I, [2018-04-04T22:03:24.620298 #21284]  INFO -- : RESULT: {"Email"=>"mttwardowski@gmail.com", "FirstName"=>"Matt", "State"=>"IL", "Groups"=>"104,116,135", "PostalCode"=>"60004", "LastName"=>"Twardowski", "City"=>"ARLINGTON HEIGHTS", "StreetAddress1"=>"1718 N MITCHELL AVE"}
I, [2018-04-04T22:03:29.646771 #21284]  INFO -- : CALL: DataService.load api_url: gv373.infusionsoft.com api_key:94c11c8a7a198e08f6ba3b58bf5d592a at:2018-04-04 22:03:29 -0500 args:["Contact", 465, [:FirstName, :LastName, :Email, :Website, :StreetAddress1, :City, :State, :PostalCode, :Groups]]
I, [2018-04-04T22:03:29.801184 #21284]  INFO -- : RESULT: {"Email"=>"mttwardowski@gmail.com", "FirstName"=>"Matt", "State"=>"IL", "Groups"=>"104,116,135", "PostalCode"=>"60004", "LastName"=>"Twardowski", "City"=>"ARLINGTON HEIGHTS", "StreetAddress1"=>"1718 N MITCHELL AVE"}
I, [2018-04-04T22:03:37.256933 #21284]  INFO -- : CALL: DataService.load api_url: gv373.infusionsoft.com api_key:94c11c8a7a198e08f6ba3b58bf5d592a at:2018-04-04 22:03:37 -0500 args:["Contact", 465, [:FirstName, :LastName, :Email, :Website, :StreetAddress1, :City, :State, :PostalCode, :Groups]]
I, [2018-04-04T22:03:37.435864 #21284]  INFO -- : RESULT: {"Email"=>"mttwardowski@gmail.com", "FirstName"=>"Matt", "State"=>"IL", "Groups"=>"104,116,135", "PostalCode"=>"60004", "LastName"=>"Twardowski", "City"=>"ARLINGTON HEIGHTS", "StreetAddress1"=>"1718 N MITCHELL AVE"}
I, [2018-04-04T22:03:45.075716 #21284]  INFO -- : CALL: DataService.load api_url: gv373.infusionsoft.com api_key:94c11c8a7a198e08f6ba3b58bf5d592a at:2018-04-04 22:03:45 -0500 args:["Contact", 465, [:FirstName, :LastName, :Email, :Website, :StreetAddress1, :City, :State, :PostalCode, :Groups]]
I, [2018-04-04T22:03:45.395458 #21284]  INFO -- : RESULT: {"Email"=>"mttwardowski@gmail.com", "FirstName"=>"Matt", "State"=>"IL", "Groups"=>"104,116,135", "PostalCode"=>"60004", "LastName"=>"Twardowski", "City"=>"ARLINGTON HEIGHTS", "StreetAddress1"=>"1718 N MITCHELL AVE"}
I, [2018-04-04T22:03:48.082856 #21284]  INFO -- : CALL: DataService.load api_url: gv373.infusionsoft.com api_key:94c11c8a7a198e08f6ba3b58bf5d592a at:2018-04-04 22:03:48 -0500 args:["Contact", 465, [:FirstName, :LastName, :Email, :Website, :StreetAddress1, :City, :State, :PostalCode, :Groups]]
I, [2018-04-04T22:03:48.300944 #21284]  INFO -- : RESULT: {"Email"=>"mttwardowski@gmail.com", "FirstName"=>"Matt", "State"=>"IL", "Groups"=>"104,116,135", "PostalCode"=>"60004", "LastName"=>"Twardowski", "City"=>"ARLINGTON HEIGHTS", "StreetAddress1"=>"1718 N MITCHELL AVE"}
I, [2018-04-04T22:03:50.335363 #21284]  INFO -- : CALL: DataService.load api_url: gv373.infusionsoft.com api_key:94c11c8a7a198e08f6ba3b58bf5d592a at:2018-04-04 22:03:50 -0500 args:["Contact", 465, [:FirstName, :LastName, :Email, :Website, :StreetAddress1, :City, :State, :PostalCode, :Groups]]
I, [2018-04-04T22:03:50.562332 #21284]  INFO -- : RESULT: {"Email"=>"mttwardowski@gmail.com", "FirstName"=>"Matt", "State"=>"IL", "Groups"=>"104,116,135", "PostalCode"=>"60004", "LastName"=>"Twardowski", "City"=>"ARLINGTON HEIGHTS", "StreetAddress1"=>"1718 N MITCHELL AVE"}
I, [2018-04-04T22:04:29.170512 #21283]  INFO -- : CALL: DataService.load api_url: gv373.infusionsoft.com api_key:94c11c8a7a198e08f6ba3b58bf5d592a at:2018-04-04 22:04:29 -0500 args:["Contact", 465, [:FirstName, :LastName, :Email, :Website, :StreetAddress1, :City, :State, :PostalCode, :Groups]]
I, [2018-04-04T22:04:29.473557 #21283]  INFO -- : RESULT: {"Email"=>"mttwardowski@gmail.com", "FirstName"=>"Matt", "State"=>"IL", "Groups"=>"104,116,135", "PostalCode"=>"60004", "LastName"=>"Twardowski", "City"=>"ARLINGTON HEIGHTS", "StreetAddress1"=>"1718 N MITCHELL AVE"}
I, [2018-04-04T22:04:45.020384 #21284]  INFO -- : CALL: DataService.load api_url: gv373.infusionsoft.com api_key:94c11c8a7a198e08f6ba3b58bf5d592a at:2018-04-04 22:04:45 -0500 args:["Contact", 465, [:FirstName, :LastName, :Email, :Website, :StreetAddress1, :City, :State, :PostalCode, :Groups]]
I, [2018-04-04T22:04:45.185825 #21284]  INFO -- : RESULT: {"Email"=>"mttwardowski@gmail.com", "FirstName"=>"Matt", "State"=>"IL", "Groups"=>"104,116,135", "PostalCode"=>"60004", "LastName"=>"Twardowski", "City"=>"ARLINGTON HEIGHTS", "StreetAddress1"=>"1718 N MITCHELL AVE"}
I, [2018-04-04T22:05:08.451900 #21283]  INFO -- : CALL: DataService.load api_url: gv373.infusionsoft.com api_key:94c11c8a7a198e08f6ba3b58bf5d592a at:2018-04-04 22:05:08 -0500 args:["Contact", 465, [:FirstName, :LastName, :Email, :Website, :StreetAddress1, :City, :State, :PostalCode, :Groups]]
I, [2018-04-04T22:05:08.808644 #21283]  INFO -- : RESULT: {"Email"=>"mttwardowski@gmail.com", "FirstName"=>"Matt", "State"=>"IL", "Groups"=>"104,116,135", "PostalCode"=>"60004", "LastName"=>"Twardowski", "City"=>"ARLINGTON HEIGHTS", "StreetAddress1"=>"1718 N MITCHELL AVE"}
I, [2018-04-04T22:05:19.490182 #21283]  INFO -- : CALL: DataService.load api_url: gv373.infusionsoft.com api_key:94c11c8a7a198e08f6ba3b58bf5d592a at:2018-04-04 22:05:19 -0500 args:["Contact", 465, [:FirstName, :LastName, :Email, :Website, :StreetAddress1, :City, :State, :PostalCode, :Groups]]
I, [2018-04-04T22:05:19.784941 #21283]  INFO -- : RESULT: {"Email"=>"mttwardowski@gmail.com", "FirstName"=>"Matt", "State"=>"IL", "Groups"=>"104,116,135", "PostalCode"=>"60004", "LastName"=>"Twardowski", "City"=>"ARLINGTON HEIGHTS", "StreetAddress1"=>"1718 N MITCHELL AVE"}
I, [2018-04-04T22:07:05.558196 #21284]  INFO -- : CALL: DataService.load api_url: gv373.infusionsoft.com api_key:94c11c8a7a198e08f6ba3b58bf5d592a at:2018-04-04 22:07:05 -0500 args:["Contact", 465, [:FirstName, :LastName, :Email, :Website, :StreetAddress1, :City, :State, :PostalCode, :Groups]]
I, [2018-04-04T22:07:05.858922 #21284]  INFO -- : RESULT: {"Email"=>"mttwardowski@gmail.com", "FirstName"=>"Matt", "State"=>"IL", "Groups"=>"104,116,135", "PostalCode"=>"60004", "LastName"=>"Twardowski", "City"=>"ARLINGTON HEIGHTS", "StreetAddress1"=>"1718 N MITCHELL AVE"}
I, [2018-04-04T22:07:13.606319 #21284]  INFO -- : CALL: DataService.load api_url: gv373.infusionsoft.com api_key:94c11c8a7a198e08f6ba3b58bf5d592a at:2018-04-04 22:07:13 -0500 args:["Contact", 465, [:FirstName, :LastName, :Email, :Website, :StreetAddress1, :City, :State, :PostalCode, :Groups]]
I, [2018-04-04T22:07:14.058917 #21284]  INFO -- : RESULT: {"Email"=>"mttwardowski@gmail.com", "FirstName"=>"Matt", "State"=>"IL", "Groups"=>"104,116,135", "PostalCode"=>"60004", "LastName"=>"Twardowski", "City"=>"ARLINGTON HEIGHTS", "StreetAddress1"=>"1718 N MITCHELL AVE"}
I, [2018-04-04T22:08:12.160603 #21284]  INFO -- : CALL: DataService.load api_url: gv373.infusionsoft.com api_key:94c11c8a7a198e08f6ba3b58bf5d592a at:2018-04-04 22:08:12 -0500 args:["Contact", 465, [:FirstName, :LastName, :Email, :Website, :StreetAddress1, :City, :State, :PostalCode, :Groups]]
I, [2018-04-04T22:08:12.435801 #21284]  INFO -- : RESULT: {"Email"=>"mttwardowski@gmail.com", "FirstName"=>"Matt", "State"=>"IL", "Groups"=>"104,116,135", "PostalCode"=>"60004", "LastName"=>"Twardowski", "City"=>"ARLINGTON HEIGHTS", "StreetAddress1"=>"1718 N MITCHELL AVE"}
I, [2018-04-04T22:08:55.666910 #21284]  INFO -- : CALL: DataService.load api_url: gv373.infusionsoft.com api_key:94c11c8a7a198e08f6ba3b58bf5d592a at:2018-04-04 22:08:55 -0500 args:["Contact", 465, [:FirstName, :LastName, :Email, :Website, :StreetAddress1, :City, :State, :PostalCode, :Groups]]
I, [2018-04-04T22:08:56.024905 #21284]  INFO -- : RESULT: {"Email"=>"mttwardowski@gmail.com", "FirstName"=>"Matt", "State"=>"IL", "Groups"=>"104,116,135", "PostalCode"=>"60004", "LastName"=>"Twardowski", "City"=>"ARLINGTON HEIGHTS", "StreetAddress1"=>"1718 N MITCHELL AVE"}
I, [2018-04-04T22:09:04.157021 #21284]  INFO -- : CALL: DataService.load api_url: gv373.infusionsoft.com api_key:94c11c8a7a198e08f6ba3b58bf5d592a at:2018-04-04 22:09:04 -0500 args:["Contact", 465, [:FirstName, :LastName, :Email, :Website, :StreetAddress1, :City, :State, :PostalCode, :Groups]]
I, [2018-04-04T22:09:04.316193 #21284]  INFO -- : RESULT: {"Email"=>"mttwardowski@gmail.com", "FirstName"=>"Matt", "State"=>"IL", "Groups"=>"104,116,135", "PostalCode"=>"60004", "LastName"=>"Twardowski", "City"=>"ARLINGTON HEIGHTS", "StreetAddress1"=>"1718 N MITCHELL AVE"}
I, [2018-04-04T22:09:12.250752 #21284]  INFO -- : CALL: DataService.load api_url: gv373.infusionsoft.com api_key:94c11c8a7a198e08f6ba3b58bf5d592a at:2018-04-04 22:09:12 -0500 args:["Contact", 465, [:FirstName, :LastName, :Email, :Website, :StreetAddress1, :City, :State, :PostalCode, :Groups]]
I, [2018-04-04T22:09:12.552338 #21284]  INFO -- : RESULT: {"Email"=>"mttwardowski@gmail.com", "FirstName"=>"Matt", "State"=>"IL", "Groups"=>"104,116,135", "PostalCode"=>"60004", "LastName"=>"Twardowski", "City"=>"ARLINGTON HEIGHTS", "StreetAddress1"=>"1718 N MITCHELL AVE"}
I, [2018-04-04T22:09:50.038915 #21283]  INFO -- : CALL: DataService.load api_url: gv373.infusionsoft.com api_key:94c11c8a7a198e08f6ba3b58bf5d592a at:2018-04-04 22:09:50 -0500 args:["Contact", 465, [:FirstName, :LastName, :Email, :Website, :StreetAddress1, :City, :State, :PostalCode, :Groups]]
I, [2018-04-04T22:09:50.200022 #21283]  INFO -- : RESULT: {"Email"=>"mttwardowski@gmail.com", "FirstName"=>"Matt", "State"=>"IL", "Groups"=>"104,116,135", "PostalCode"=>"60004", "LastName"=>"Twardowski", "City"=>"ARLINGTON HEIGHTS", "StreetAddress1"=>"1718 N MITCHELL AVE"}
I, [2018-04-04T22:09:54.292585 #21283]  INFO -- : CALL: DataService.load api_url: gv373.infusionsoft.com api_key:94c11c8a7a198e08f6ba3b58bf5d592a at:2018-04-04 22:09:54 -0500 args:["Contact", 465, [:FirstName, :LastName, :Email, :Website, :StreetAddress1, :City, :State, :PostalCode, :Groups]]
I, [2018-04-04T22:09:54.698561 #21283]  INFO -- : RESULT: {"Email"=>"mttwardowski@gmail.com", "FirstName"=>"Matt", "State"=>"IL", "Groups"=>"104,116,135", "PostalCode"=>"60004", "LastName"=>"Twardowski", "City"=>"ARLINGTON HEIGHTS", "StreetAddress1"=>"1718 N MITCHELL AVE"}
I, [2018-04-04T22:09:57.377042 #21283]  INFO -- : CALL: DataService.load api_url: gv373.infusionsoft.com api_key:94c11c8a7a198e08f6ba3b58bf5d592a at:2018-04-04 22:09:57 -0500 args:["Contact", 465, [:FirstName, :LastName, :Email, :Website, :StreetAddress1, :City, :State, :PostalCode, :Groups]]
I, [2018-04-04T22:09:57.676472 #21283]  INFO -- : RESULT: {"Email"=>"mttwardowski@gmail.com", "FirstName"=>"Matt", "State"=>"IL", "Groups"=>"104,116,135", "PostalCode"=>"60004", "LastName"=>"Twardowski", "City"=>"ARLINGTON HEIGHTS", "StreetAddress1"=>"1718 N MITCHELL AVE"}
I, [2018-04-04T22:09:59.947974 #21283]  INFO -- : CALL: DataService.load api_url: gv373.infusionsoft.com api_key:94c11c8a7a198e08f6ba3b58bf5d592a at:2018-04-04 22:09:59 -0500 args:["Contact", 465, [:FirstName, :LastName, :Email, :Website, :StreetAddress1, :City, :State, :PostalCode, :Groups]]
I, [2018-04-04T22:10:00.371794 #21283]  INFO -- : RESULT: {"Email"=>"mttwardowski@gmail.com", "FirstName"=>"Matt", "State"=>"IL", "Groups"=>"104,116,135", "PostalCode"=>"60004", "LastName"=>"Twardowski", "City"=>"ARLINGTON HEIGHTS", "StreetAddress1"=>"1718 N MITCHELL AVE"}
I, [2018-04-04T22:10:02.378806 #21283]  INFO -- : CALL: DataService.load api_url: gv373.infusionsoft.com api_key:94c11c8a7a198e08f6ba3b58bf5d592a at:2018-04-04 22:10:02 -0500 args:["Contact", 465, [:FirstName, :LastName, :Email, :Website, :StreetAddress1, :City, :State, :PostalCode, :Groups]]
I, [2018-04-04T22:10:02.756065 #21283]  INFO -- : RESULT: {"Email"=>"mttwardowski@gmail.com", "FirstName"=>"Matt", "State"=>"IL", "Groups"=>"104,116,135", "PostalCode"=>"60004", "LastName"=>"Twardowski", "City"=>"ARLINGTON HEIGHTS", "StreetAddress1"=>"1718 N MITCHELL AVE"}
I, [2018-04-04T22:10:04.921605 #21283]  INFO -- : CALL: DataService.load api_url: gv373.infusionsoft.com api_key:94c11c8a7a198e08f6ba3b58bf5d592a at:2018-04-04 22:10:04 -0500 args:["Contact", 465, [:FirstName, :LastName, :Email, :Website, :StreetAddress1, :City, :State, :PostalCode, :Groups]]
I, [2018-04-04T22:10:05.207802 #21283]  INFO -- : RESULT: {"Email"=>"mttwardowski@gmail.com", "FirstName"=>"Matt", "State"=>"IL", "Groups"=>"104,116,135", "PostalCode"=>"60004", "LastName"=>"Twardowski", "City"=>"ARLINGTON HEIGHTS", "StreetAddress1"=>"1718 N MITCHELL AVE"}
I, [2018-04-04T22:10:09.865696 #21283]  INFO -- : CALL: DataService.load api_url: gv373.infusionsoft.com api_key:94c11c8a7a198e08f6ba3b58bf5d592a at:2018-04-04 22:10:09 -0500 args:["Contact", 465, [:FirstName, :LastName, :Email, :Website, :StreetAddress1, :City, :State, :PostalCode, :Groups]]
I, [2018-04-04T22:10:10.192405 #21283]  INFO -- : RESULT: {"Email"=>"mttwardowski@gmail.com", "FirstName"=>"Matt", "State"=>"IL", "Groups"=>"104,116,135", "PostalCode"=>"60004", "LastName"=>"Twardowski", "City"=>"ARLINGTON HEIGHTS", "StreetAddress1"=>"1718 N MITCHELL AVE"}
I, [2018-04-04T22:10:17.528134 #21284]  INFO -- : CALL: DataService.load api_url: gv373.infusionsoft.com api_key:94c11c8a7a198e08f6ba3b58bf5d592a at:2018-04-04 22:10:17 -0500 args:["Contact", 465, [:FirstName, :LastName, :Email, :Website, :StreetAddress1, :City, :State, :PostalCode, :Groups]]
I, [2018-04-04T22:10:17.838337 #21284]  INFO -- : RESULT: {"Email"=>"mttwardowski@gmail.com", "FirstName"=>"Matt", "State"=>"IL", "Groups"=>"104,116,135", "PostalCode"=>"60004", "LastName"=>"Twardowski", "City"=>"ARLINGTON HEIGHTS", "StreetAddress1"=>"1718 N MITCHELL AVE"}
I, [2018-04-04T22:11:26.215050 #21284]  INFO -- : CALL: DataService.load api_url: gv373.infusionsoft.com api_key:94c11c8a7a198e08f6ba3b58bf5d592a at:2018-04-04 22:11:26 -0500 args:["Contact", 465, [:FirstName, :LastName, :Email, :Website, :StreetAddress1, :City, :State, :PostalCode, :Groups]]
I, [2018-04-04T22:11:26.512417 #21284]  INFO -- : RESULT: {"Email"=>"mttwardowski@gmail.com", "FirstName"=>"Matt", "State"=>"IL", "Groups"=>"104,116,135", "PostalCode"=>"60004", "LastName"=>"Twardowski", "City"=>"ARLINGTON HEIGHTS", "StreetAddress1"=>"1718 N MITCHELL AVE"}
I, [2018-04-04T22:11:32.696832 #21284]  INFO -- : CALL: DataService.load api_url: gv373.infusionsoft.com api_key:94c11c8a7a198e08f6ba3b58bf5d592a at:2018-04-04 22:11:32 -0500 args:["Contact", 465, [:FirstName, :LastName, :Email, :Website, :StreetAddress1, :City, :State, :PostalCode, :Groups]]
I, [2018-04-04T22:11:33.042152 #21284]  INFO -- : RESULT: {"Email"=>"mttwardowski@gmail.com", "FirstName"=>"Matt", "State"=>"IL", "Groups"=>"104,116,135", "PostalCode"=>"60004", "LastName"=>"Twardowski", "City"=>"ARLINGTON HEIGHTS", "StreetAddress1"=>"1718 N MITCHELL AVE"}
I, [2018-04-04T22:11:44.538241 #21284]  INFO -- : CALL: DataService.load api_url: gv373.infusionsoft.com api_key:94c11c8a7a198e08f6ba3b58bf5d592a at:2018-04-04 22:11:44 -0500 args:["Contact", 465, [:FirstName, :LastName, :Email, :Website, :StreetAddress1, :City, :State, :PostalCode, :Groups]]
I, [2018-04-04T22:11:44.842028 #21284]  INFO -- : RESULT: {"Email"=>"mttwardowski@gmail.com", "FirstName"=>"Matt", "State"=>"IL", "Groups"=>"104,116,135", "PostalCode"=>"60004", "LastName"=>"Twardowski", "City"=>"ARLINGTON HEIGHTS", "StreetAddress1"=>"1718 N MITCHELL AVE"}
I, [2018-04-04T22:11:49.914719 #21284]  INFO -- : CALL: DataService.load api_url: gv373.infusionsoft.com api_key:94c11c8a7a198e08f6ba3b58bf5d592a at:2018-04-04 22:11:49 -0500 args:["Contact", 465, [:FirstName, :LastName, :Email, :Website, :StreetAddress1, :City, :State, :PostalCode, :Groups]]
I, [2018-04-04T22:11:50.067403 #21284]  INFO -- : RESULT: {"Email"=>"mttwardowski@gmail.com", "FirstName"=>"Matt", "State"=>"IL", "Groups"=>"104,116,135", "PostalCode"=>"60004", "LastName"=>"Twardowski", "City"=>"ARLINGTON HEIGHTS", "StreetAddress1"=>"1718 N MITCHELL AVE"}
I, [2018-04-04T22:11:56.450532 #21284]  INFO -- : CALL: DataService.load api_url: gv373.infusionsoft.com api_key:94c11c8a7a198e08f6ba3b58bf5d592a at:2018-04-04 22:11:56 -0500 args:["Contact", 465, [:FirstName, :LastName, :Email, :Website, :StreetAddress1, :City, :State, :PostalCode, :Groups]]
I, [2018-04-04T22:11:56.814260 #21284]  INFO -- : RESULT: {"Email"=>"mttwardowski@gmail.com", "FirstName"=>"Matt", "State"=>"IL", "Groups"=>"104,116,135", "PostalCode"=>"60004", "LastName"=>"Twardowski", "City"=>"ARLINGTON HEIGHTS", "StreetAddress1"=>"1718 N MITCHELL AVE"}
I, [2018-04-04T22:12:31.340964 #21284]  INFO -- : CALL: DataService.load api_url: gv373.infusionsoft.com api_key:94c11c8a7a198e08f6ba3b58bf5d592a at:2018-04-04 22:12:31 -0500 args:["Contact", 465, [:FirstName, :LastName, :Email, :Website, :StreetAddress1, :City, :State, :PostalCode, :Groups]]
I, [2018-04-04T22:12:31.546515 #21284]  INFO -- : RESULT: {"Email"=>"mttwardowski@gmail.com", "FirstName"=>"Matt", "State"=>"IL", "Groups"=>"104,116,135", "PostalCode"=>"60004", "LastName"=>"Twardowski", "City"=>"ARLINGTON HEIGHTS", "StreetAddress1"=>"1718 N MITCHELL AVE"}
I, [2018-04-04T22:12:38.565474 #21283]  INFO -- : CALL: DataService.load api_url: gv373.infusionsoft.com api_key:94c11c8a7a198e08f6ba3b58bf5d592a at:2018-04-04 22:12:38 -0500 args:["Contact", 465, [:FirstName, :LastName, :Email, :Website, :StreetAddress1, :City, :State, :PostalCode, :Groups]]
I, [2018-04-04T22:12:38.938693 #21283]  INFO -- : RESULT: {"Email"=>"mttwardowski@gmail.com", "FirstName"=>"Matt", "State"=>"IL", "Groups"=>"104,116,135", "PostalCode"=>"60004", "LastName"=>"Twardowski", "City"=>"ARLINGTON HEIGHTS", "StreetAddress1"=>"1718 N MITCHELL AVE"}
I, [2018-04-04T22:13:14.044684 #21283]  INFO -- : CALL: DataService.load api_url: gv373.infusionsoft.com api_key:94c11c8a7a198e08f6ba3b58bf5d592a at:2018-04-04 22:13:14 -0500 args:["Contact", 465, [:FirstName, :LastName, :Email, :Website, :StreetAddress1, :City, :State, :PostalCode, :Groups]]
I, [2018-04-04T22:13:14.351091 #21283]  INFO -- : RESULT: {"Email"=>"mttwardowski@gmail.com", "FirstName"=>"Matt", "State"=>"IL", "Groups"=>"104,116,135", "PostalCode"=>"60004", "LastName"=>"Twardowski", "City"=>"ARLINGTON HEIGHTS", "StreetAddress1"=>"1718 N MITCHELL AVE"}
I, [2018-04-04T22:13:23.702263 #21283]  INFO -- : CALL: DataService.load api_url: gv373.infusionsoft.com api_key:94c11c8a7a198e08f6ba3b58bf5d592a at:2018-04-04 22:13:23 -0500 args:["Contact", 465, [:FirstName, :LastName, :Email, :Website, :StreetAddress1, :City, :State, :PostalCode, :Groups]]
I, [2018-04-04T22:13:23.871682 #21283]  INFO -- : RESULT: {"Email"=>"mttwardowski@gmail.com", "FirstName"=>"Matt", "State"=>"IL", "Groups"=>"104,116,135", "PostalCode"=>"60004", "LastName"=>"Twardowski", "City"=>"ARLINGTON HEIGHTS", "StreetAddress1"=>"1718 N MITCHELL AVE"}
I, [2018-04-04T22:13:32.195357 #21283]  INFO -- : CALL: DataService.load api_url: gv373.infusionsoft.com api_key:94c11c8a7a198e08f6ba3b58bf5d592a at:2018-04-04 22:13:32 -0500 args:["Contact", 465, [:FirstName, :LastName, :Email, :Website, :StreetAddress1, :City, :State, :PostalCode, :Groups]]
I, [2018-04-04T22:13:32.414002 #21283]  INFO -- : RESULT: {"Email"=>"mttwardowski@gmail.com", "FirstName"=>"Matt", "State"=>"IL", "Groups"=>"104,116,135", "PostalCode"=>"60004", "LastName"=>"Twardowski", "City"=>"ARLINGTON HEIGHTS", "StreetAddress1"=>"1718 N MITCHELL AVE"}
I, [2018-04-04T22:13:43.428860 #21283]  INFO -- : CALL: DataService.load api_url: gv373.infusionsoft.com api_key:94c11c8a7a198e08f6ba3b58bf5d592a at:2018-04-04 22:13:43 -0500 args:["Contact", 465, [:FirstName, :LastName, :Email, :Website, :StreetAddress1, :City, :State, :PostalCode, :Groups]]
I, [2018-04-04T22:13:43.590713 #21283]  INFO -- : RESULT: {"Email"=>"mttwardowski@gmail.com", "FirstName"=>"Matt", "State"=>"IL", "Groups"=>"104,116,135", "PostalCode"=>"60004", "LastName"=>"Twardowski", "City"=>"ARLINGTON HEIGHTS", "StreetAddress1"=>"1718 N MITCHELL AVE"}
